 2023-07-07T13:20:42.687+09:00  INFO 868 --- [main] soccer.backend.BackendApplication        : Starting BackendApplication using Java 17.0.6 with PID 868 (C:\Users\kimhobeen\IdeaProjects\toy_project\soccerAnalyst\socceranalyst\backend\out\production\classes started by kimhobeen in C:\Users\kimhobeen\IdeaProjects\toy_project\soccerAnalyst\socceranalyst\backend)
 2023-07-07T13:20:42.695+09:00  INFO 868 --- [main] soccer.backend.BackendApplication        : The following 1 profile is active: "local"
 2023-07-07T13:20:44.067+09:00  INFO 868 --- [main] .s.d.r.c.RepositoryConfigurationDelegate : Multiple Spring Data modules found, entering strict repository configuration mode
 2023-07-07T13:20:44.069+09:00  INFO 868 --- [main] .s.d.r.c.RepositoryConfigurationDelegate : Bootstrapping Spring Data JPA repositories in DEFAULT mode.
 2023-07-07T13:20:44.341+09:00  INFO 868 --- [main] .s.d.r.c.RepositoryConfigurationDelegate : Finished Spring Data repository scanning in 262 ms. Found 8 JPA repository interfaces.
 2023-07-07T13:20:44.360+09:00  INFO 868 --- [main] .s.d.r.c.RepositoryConfigurationDelegate : Multiple Spring Data modules found, entering strict repository configuration mode
 2023-07-07T13:20:44.363+09:00  INFO 868 --- [main] .s.d.r.c.RepositoryConfigurationDelegate : Bootstrapping Spring Data Redis repositories in DEFAULT mode.
 2023-07-07T13:20:44.386+09:00  INFO 868 --- [main] .RepositoryConfigurationExtensionSupport : Spring Data Redis - Could not safely identify store assignment for repository candidate interface soccer.backend.auth.repository.MemberRepository; If you want this repository to be a Redis repository, consider annotating your entities with one of these annotations: org.springframework.data.redis.core.RedisHash (preferred), or consider extending one of the following types with your repository: org.springframework.data.keyvalue.repository.KeyValueRepository
 2023-07-07T13:20:44.387+09:00  INFO 868 --- [main] .RepositoryConfigurationExtensionSupport : Spring Data Redis - Could not safely identify store assignment for repository candidate interface soccer.backend.domain.dotrecord.repository.DotRecordRepository; If you want this repository to be a Redis repository, consider annotating your entities with one of these annotations: org.springframework.data.redis.core.RedisHash (preferred), or consider extending one of the following types with your repository: org.springframework.data.keyvalue.repository.KeyValueRepository
 2023-07-07T13:20:44.388+09:00  INFO 868 --- [main] .RepositoryConfigurationExtensionSupport : Spring Data Redis - Could not safely identify store assignment for repository candidate interface soccer.backend.domain.game.repository.GamePlayerRepository; If you want this repository to be a Redis repository, consider annotating your entities with one of these annotations: org.springframework.data.redis.core.RedisHash (preferred), or consider extending one of the following types with your repository: org.springframework.data.keyvalue.repository.KeyValueRepository
 2023-07-07T13:20:44.388+09:00  INFO 868 --- [main] .RepositoryConfigurationExtensionSupport : Spring Data Redis - Could not safely identify store assignment for repository candidate interface soccer.backend.domain.game.repository.GameRepository; If you want this repository to be a Redis repository, consider annotating your entities with one of these annotations: org.springframework.data.redis.core.RedisHash (preferred), or consider extending one of the following types with your repository: org.springframework.data.keyvalue.repository.KeyValueRepository
 2023-07-07T13:20:44.388+09:00  INFO 868 --- [main] .RepositoryConfigurationExtensionSupport : Spring Data Redis - Could not safely identify store assignment for repository candidate interface soccer.backend.domain.player.repository.PlayerRepository; If you want this repository to be a Redis repository, consider annotating your entities with one of these annotations: org.springframework.data.redis.core.RedisHash (preferred), or consider extending one of the following types with your repository: org.springframework.data.keyvalue.repository.KeyValueRepository
 2023-07-07T13:20:44.390+09:00  INFO 868 --- [main] .RepositoryConfigurationExtensionSupport : Spring Data Redis - Could not safely identify store assignment for repository candidate interface soccer.backend.domain.post.repository.CommentRepository; If you want this repository to be a Redis repository, consider annotating your entities with one of these annotations: org.springframework.data.redis.core.RedisHash (preferred), or consider extending one of the following types with your repository: org.springframework.data.keyvalue.repository.KeyValueRepository
 2023-07-07T13:20:44.390+09:00  INFO 868 --- [main] .RepositoryConfigurationExtensionSupport : Spring Data Redis - Could not safely identify store assignment for repository candidate interface soccer.backend.domain.post.repository.PostRepository; If you want this repository to be a Redis repository, consider annotating your entities with one of these annotations: org.springframework.data.redis.core.RedisHash (preferred), or consider extending one of the following types with your repository: org.springframework.data.keyvalue.repository.KeyValueRepository
 2023-07-07T13:20:44.390+09:00  INFO 868 --- [main] .RepositoryConfigurationExtensionSupport : Spring Data Redis - Could not safely identify store assignment for repository candidate interface soccer.backend.domain.record.repository.RecordRepository; If you want this repository to be a Redis repository, consider annotating your entities with one of these annotations: org.springframework.data.redis.core.RedisHash (preferred), or consider extending one of the following types with your repository: org.springframework.data.keyvalue.repository.KeyValueRepository
 2023-07-07T13:20:44.391+09:00  INFO 868 --- [main] .s.d.r.c.RepositoryConfigurationDelegate : Finished Spring Data repository scanning in 14 ms. Found 0 Redis repository interfaces.
 2023-07-07T13:20:45.309+09:00  INFO 868 --- [main] o.s.b.w.embedded.tomcat.TomcatWebServer  : Tomcat initialized with port(s): 8080 (http)
 2023-07-07T13:20:45.321+09:00  INFO 868 --- [main] o.apache.catalina.core.StandardService   : Starting service [Tomcat]
 2023-07-07T13:20:45.322+09:00  INFO 868 --- [main] o.apache.catalina.core.StandardEngine    : Starting Servlet engine: [Apache Tomcat/10.1.7]
 2023-07-07T13:20:45.434+09:00  INFO 868 --- [main] o.a.c.c.C.[Tomcat].[localhost].[/]       : Initializing Spring embedded WebApplicationContext
 2023-07-07T13:20:45.434+09:00  INFO 868 --- [main] w.s.c.ServletWebServerApplicationContext : Root WebApplicationContext: initialization completed in 2681 ms
 2023-07-07T13:20:45.772+09:00  INFO 868 --- [main] o.hibernate.jpa.internal.util.LogHelper  : HHH000204: Processing PersistenceUnitInfo [name: default]
 2023-07-07T13:20:45.847+09:00  INFO 868 --- [main] org.hibernate.Version                    : HHH000412: Hibernate ORM core version 6.1.7.Final
 2023-07-07T13:20:46.260+09:00  INFO 868 --- [main] com.zaxxer.hikari.HikariDataSource       : HikariPool-1 - Starting...
 2023-07-07T13:20:46.477+09:00  INFO 868 --- [main] com.zaxxer.hikari.pool.HikariPool        : HikariPool-1 - Added connection conn0: url=jdbc:h2:tcp://localhost/~/test user=SA
 2023-07-07T13:20:46.480+09:00  INFO 868 --- [main] com.zaxxer.hikari.HikariDataSource       : HikariPool-1 - Start completed.
 2023-07-07T13:20:46.529+09:00  INFO 868 --- [main] SQL dialect                              : HHH000400: Using dialect: org.hibernate.dialect.H2Dialect
 2023-07-07T13:20:47.775+09:00 DEBUG 868 --- [main] org.hibernate.SQL                        : drop table if exists comment cascade 
 2023-07-07T13:20:47.785+09:00 DEBUG 868 --- [main] org.hibernate.SQL                        : drop table if exists dot_record cascade 
 2023-07-07T13:20:47.788+09:00 DEBUG 868 --- [main] org.hibernate.SQL                        : drop table if exists game cascade 
 2023-07-07T13:20:47.792+09:00 DEBUG 868 --- [main] org.hibernate.SQL                        : drop table if exists game_player cascade 
 2023-07-07T13:20:47.795+09:00 DEBUG 868 --- [main] org.hibernate.SQL                        : drop table if exists member cascade 
 2023-07-07T13:20:47.797+09:00 DEBUG 868 --- [main] org.hibernate.SQL                        : drop table if exists player cascade 
 2023-07-07T13:20:47.799+09:00 DEBUG 868 --- [main] org.hibernate.SQL                        : drop table if exists post cascade 
 2023-07-07T13:20:47.801+09:00 DEBUG 868 --- [main] org.hibernate.SQL                        : drop table if exists record cascade 
 2023-07-07T13:20:47.807+09:00 DEBUG 868 --- [main] org.hibernate.SQL                        : create table comment (id bigint generated by default as identity, created_date timestamp(6), modified_date timestamp(6), content varchar(255), member_id bigint, post_id bigint, primary key (id))
 2023-07-07T13:20:47.811+09:00 DEBUG 868 --- [main] org.hibernate.SQL                        : create table dot_record (id bigint generated by default as identity, game_position smallint, game_time integer, player_id bigint, player_name varchar(255), shoot boolean not null, shootx float(24), shooty float(24), valid_shoot boolean not null, x float(24), y float(24), game_id bigint, primary key (id))
 2023-07-07T13:20:47.815+09:00 DEBUG 868 --- [main] org.hibernate.SQL                        : create table game (id bigint generated by default as identity, ga integer, gf integer, created_at date, game_name varchar(255), location varchar(255), opponent varchar(255), member_id bigint, primary key (id))
 2023-07-07T13:20:47.817+09:00 DEBUG 868 --- [main] org.hibernate.SQL                        : create table game_player (id bigint generated by default as identity, game_id bigint, player_id bigint, primary key (id))
 2023-07-07T13:20:47.820+09:00 DEBUG 868 --- [main] org.hibernate.SQL                        : create table member (id bigint generated by default as identity, authority varchar(255), created_at timestamp(6), email varchar(255) not null, member_id varchar(255) not null, name varchar(255) not null, nickname varchar(255) not null, password varchar(255) not null, primary key (id))
 2023-07-07T13:20:47.822+09:00 DEBUG 868 --- [main] org.hibernate.SQL                        : create table player (id bigint generated by default as identity, name varchar(255), position varchar(255), member_id bigint, primary key (id))
 2023-07-07T13:20:47.824+09:00 DEBUG 868 --- [main] org.hibernate.SQL                        : create table post (post_id bigint generated by default as identity, created_date timestamp(6), modified_date timestamp(6), content varchar(255), title varchar(255), member_id bigint, primary key (post_id))
 2023-07-07T13:20:47.826+09:00 DEBUG 868 --- [main] org.hibernate.SQL                        : create table record (id bigint generated by default as identity, assist integer, chance_making integer, contention integer, cross_pass integer, dribble integer, game_position varchar(255), goal integer, intercept integer, long_pass integer, main varchar(255), pass integer, shoot integer, success_contention integer, success_cross_pass integer, success_dribble integer, success_long_pass integer, success_pass integer, tackle integer, time_in integer, time_out integer, touch integer, turnover integer, valid_shoot integer, game_id bigint, player_id bigint, primary key (id))
 2023-07-07T13:20:47.829+09:00 DEBUG 868 --- [main] org.hibernate.SQL                        : alter table if exists comment add constraint FKmrrrpi513ssu63i2783jyiv9m foreign key (member_id) references member
 2023-07-07T13:20:47.837+09:00 DEBUG 868 --- [main] org.hibernate.SQL                        : alter table if exists comment add constraint FKs1slvnkuemjsq2kj4h3vhx7i1 foreign key (post_id) references post
 2023-07-07T13:20:47.841+09:00 DEBUG 868 --- [main] org.hibernate.SQL                        : alter table if exists dot_record add constraint FK7vn3bjp9sr541b5t6554xw0va foreign key (game_id) references game
 2023-07-07T13:20:47.846+09:00 DEBUG 868 --- [main] org.hibernate.SQL                        : alter table if exists game add constraint FKlhk3xa6l9tc50g6mxkykgg5sx foreign key (member_id) references member
 2023-07-07T13:20:47.848+09:00 DEBUG 868 --- [main] org.hibernate.SQL                        : alter table if exists game_player add constraint FK8so14tnd5mqdjqabugc0cycxu foreign key (game_id) references game
 2023-07-07T13:20:47.851+09:00 DEBUG 868 --- [main] org.hibernate.SQL                        : alter table if exists game_player add constraint FK7ntwi66eylpagi55pmm4i61l5 foreign key (player_id) references player
 2023-07-07T13:20:47.854+09:00 DEBUG 868 --- [main] org.hibernate.SQL                        : alter table if exists player add constraint FKtky0mr5eq3kww4rqiscxivebo foreign key (member_id) references member
 2023-07-07T13:20:47.857+09:00 DEBUG 868 --- [main] org.hibernate.SQL                        : alter table if exists post add constraint FK83s99f4kx8oiqm3ro0sasmpww foreign key (member_id) references member
 2023-07-07T13:20:47.859+09:00 DEBUG 868 --- [main] org.hibernate.SQL                        : alter table if exists record add constraint FK5ic2ohoewcxeuaysnre2s7l4t foreign key (game_id) references game
 2023-07-07T13:20:47.862+09:00 DEBUG 868 --- [main] org.hibernate.SQL                        : alter table if exists record add constraint FKfw266w08u31ocmlunkj50celm foreign key (player_id) references player
 2023-07-07T13:20:47.867+09:00  INFO 868 --- [main] o.h.e.t.j.p.i.JtaPlatformInitiator       : HHH000490: Using JtaPlatform implementation: [org.hibernate.engine.transaction.jta.platform.internal.NoJtaPlatform]
 2023-07-07T13:20:47.883+09:00  INFO 868 --- [main] j.LocalContainerEntityManagerFactoryBean : Initialized JPA EntityManagerFactory for persistence unit 'default'
 2023-07-07T13:20:48.242+09:00  WARN 868 --- [main] ocalVariableTableParameterNameDiscoverer : Using deprecated '-debug' fallback for parameter name resolution. Compile the affected code with '-parameters' instead or avoid its introspection: soccer.backend.auth.repository.MemberRepository
 2023-07-07T13:20:48.864+09:00  WARN 868 --- [main] ocalVariableTableParameterNameDiscoverer : Using deprecated '-debug' fallback for parameter name resolution. Compile the affected code with '-parameters' instead or avoid its introspection: soccer.backend.domain.player.repository.PlayerRepository
 2023-07-07T13:20:48.899+09:00  WARN 868 --- [main] ocalVariableTableParameterNameDiscoverer : Using deprecated '-debug' fallback for parameter name resolution. Compile the affected code with '-parameters' instead or avoid its introspection: soccer.backend.domain.game.repository.GameRepository
 2023-07-07T13:20:48.931+09:00  WARN 868 --- [main] ocalVariableTableParameterNameDiscoverer : Using deprecated '-debug' fallback for parameter name resolution. Compile the affected code with '-parameters' instead or avoid its introspection: soccer.backend.domain.record.repository.RecordRepository
 2023-07-07T13:20:48.970+09:00  WARN 868 --- [main] ocalVariableTableParameterNameDiscoverer : Using deprecated '-debug' fallback for parameter name resolution. Compile the affected code with '-parameters' instead or avoid its introspection: soccer.backend.domain.game.repository.GamePlayerRepository
 2023-07-07T13:20:49.007+09:00  WARN 868 --- [main] ocalVariableTableParameterNameDiscoverer : Using deprecated '-debug' fallback for parameter name resolution. Compile the affected code with '-parameters' instead or avoid its introspection: soccer.backend.domain.dotrecord.repository.DotRecordRepository
 2023-07-07T13:20:49.110+09:00  WARN 868 --- [main] ocalVariableTableParameterNameDiscoverer : Using deprecated '-debug' fallback for parameter name resolution. Compile the affected code with '-parameters' instead or avoid its introspection: soccer.backend.domain.post.repository.PostRepository
 2023-07-07T13:20:49.404+09:00  WARN 868 --- [main] ocalVariableTableParameterNameDiscoverer : Using deprecated '-debug' fallback for parameter name resolution. Compile the affected code with '-parameters' instead or avoid its introspection: soccer.backend.domain.post.repository.CommentRepository
 2023-07-07T13:20:49.462+09:00  WARN 868 --- [main] JpaBaseConfiguration$JpaWebConfiguration : spring.jpa.open-in-view is enabled by default. Therefore, database queries may be performed during view rendering. Explicitly configure spring.jpa.open-in-view to disable this warning
 2023-07-07T13:20:49.659+09:00  INFO 868 --- [main] o.s.b.a.w.s.WelcomePageHandlerMapping    : Adding welcome page: class path resource [static/index.html]
 2023-07-07T13:20:50.049+09:00  INFO 868 --- [main] o.s.b.a.e.web.EndpointLinksResolver      : Exposing 1 endpoint(s) beneath base path '/dev/actuator'
 2023-07-07T13:20:50.119+09:00  INFO 868 --- [main] o.s.s.web.DefaultSecurityFilterChain     : Will secure any request with [org.springframework.security.web.session.DisableEncodeUrlFilter@223095d3, org.springframework.security.web.context.request.async.WebAsyncManagerIntegrationFilter@5683a326, org.springframework.security.web.context.SecurityContextHolderFilter@4f143176, org.springframework.security.web.header.HeaderWriterFilter@46763680, org.springframework.web.filter.CorsFilter@7574d30b, org.springframework.security.web.authentication.logout.LogoutFilter@16b1dee7, soccer.backend.auth.jwt.JwtFilter@6723626f, org.springframework.security.web.savedrequest.RequestCacheAwareFilter@4f8186a5, org.springframework.security.web.servletapi.SecurityContextHolderAwareRequestFilter@627b5e5b, org.springframework.security.web.authentication.AnonymousAuthenticationFilter@411bed55, org.springframework.security.web.session.SessionManagementFilter@eba64a9, org.springframework.security.web.access.ExceptionTranslationFilter@5c863996, org.springframework.security.web.access.intercept.AuthorizationFilter@3e6945c6]
 2023-07-07T13:20:50.639+09:00  INFO 868 --- [main] o.s.b.w.embedded.tomcat.TomcatWebServer  : Tomcat started on port(s): 8080 (http) with context path ''
 2023-07-07T13:20:50.652+09:00  INFO 868 --- [main] soccer.backend.BackendApplication        : Started BackendApplication in 8.812 seconds (process running for 10.337)
 2023-07-07T13:20:50.909+09:00  INFO 868 --- [RMI TCP Connection(3)-192.168.45.35] o.a.c.c.C.[Tomcat].[localhost].[/]       : Initializing Spring DispatcherServlet 'dispatcherServlet'
 2023-07-07T13:20:50.909+09:00  INFO 868 --- [RMI TCP Connection(3)-192.168.45.35] o.s.web.servlet.DispatcherServlet        : Initializing Servlet 'dispatcherServlet'
 2023-07-07T13:20:50.911+09:00  INFO 868 --- [RMI TCP Connection(3)-192.168.45.35] o.s.web.servlet.DispatcherServlet        : Completed initialization in 2 ms
486beb78-ed58-44f5-b6b4-0506e41a6691 2023-07-07T15:03:28.672+09:00  INFO 868 --- [http-nio-8080-exec-3] soccer.backend.auth.jwt.TokenProvider    : 잘못된 JWT 서명입니다.
 2023-07-07T15:11:46.285+09:00  INFO 868 --- [SpringApplicationShutdownHook] j.LocalContainerEntityManagerFactoryBean : Closing JPA EntityManagerFactory for persistence unit 'default'
 2023-07-07T15:11:46.288+09:00  INFO 868 --- [SpringApplicationShutdownHook] com.zaxxer.hikari.HikariDataSource       : HikariPool-1 - Shutdown initiated...
 2023-07-07T15:11:46.315+09:00  INFO 868 --- [SpringApplicationShutdownHook] com.zaxxer.hikari.HikariDataSource       : HikariPool-1 - Shutdown completed.
 2023-07-07T15:11:55.966+09:00  INFO 1992 --- [main] soccer.backend.BackendApplication        : Starting BackendApplication using Java 17.0.6 with PID 1992 (C:\Users\kimhobeen\IdeaProjects\toy_project\soccerAnalyst\socceranalyst\backend\out\production\classes started by kimhobeen in C:\Users\kimhobeen\IdeaProjects\toy_project\soccerAnalyst\socceranalyst\backend)
 2023-07-07T15:11:55.971+09:00  INFO 1992 --- [main] soccer.backend.BackendApplication        : The following 1 profile is active: "local"
 2023-07-07T15:11:57.875+09:00  INFO 1992 --- [main] .s.d.r.c.RepositoryConfigurationDelegate : Multiple Spring Data modules found, entering strict repository configuration mode
 2023-07-07T15:11:57.879+09:00  INFO 1992 --- [main] .s.d.r.c.RepositoryConfigurationDelegate : Bootstrapping Spring Data JPA repositories in DEFAULT mode.
 2023-07-07T15:11:58.251+09:00  INFO 1992 --- [main] .s.d.r.c.RepositoryConfigurationDelegate : Finished Spring Data repository scanning in 358 ms. Found 8 JPA repository interfaces.
 2023-07-07T15:11:58.275+09:00  INFO 1992 --- [main] .s.d.r.c.RepositoryConfigurationDelegate : Multiple Spring Data modules found, entering strict repository configuration mode
 2023-07-07T15:11:58.278+09:00  INFO 1992 --- [main] .s.d.r.c.RepositoryConfigurationDelegate : Bootstrapping Spring Data Redis repositories in DEFAULT mode.
 2023-07-07T15:11:58.316+09:00  INFO 1992 --- [main] .RepositoryConfigurationExtensionSupport : Spring Data Redis - Could not safely identify store assignment for repository candidate interface soccer.backend.auth.repository.MemberRepository; If you want this repository to be a Redis repository, consider annotating your entities with one of these annotations: org.springframework.data.redis.core.RedisHash (preferred), or consider extending one of the following types with your repository: org.springframework.data.keyvalue.repository.KeyValueRepository
 2023-07-07T15:11:58.317+09:00  INFO 1992 --- [main] .RepositoryConfigurationExtensionSupport : Spring Data Redis - Could not safely identify store assignment for repository candidate interface soccer.backend.domain.dotrecord.repository.DotRecordRepository; If you want this repository to be a Redis repository, consider annotating your entities with one of these annotations: org.springframework.data.redis.core.RedisHash (preferred), or consider extending one of the following types with your repository: org.springframework.data.keyvalue.repository.KeyValueRepository
 2023-07-07T15:11:58.318+09:00  INFO 1992 --- [main] .RepositoryConfigurationExtensionSupport : Spring Data Redis - Could not safely identify store assignment for repository candidate interface soccer.backend.domain.game.repository.GamePlayerRepository; If you want this repository to be a Redis repository, consider annotating your entities with one of these annotations: org.springframework.data.redis.core.RedisHash (preferred), or consider extending one of the following types with your repository: org.springframework.data.keyvalue.repository.KeyValueRepository
 2023-07-07T15:11:58.320+09:00  INFO 1992 --- [main] .RepositoryConfigurationExtensionSupport : Spring Data Redis - Could not safely identify store assignment for repository candidate interface soccer.backend.domain.game.repository.GameRepository; If you want this repository to be a Redis repository, consider annotating your entities with one of these annotations: org.springframework.data.redis.core.RedisHash (preferred), or consider extending one of the following types with your repository: org.springframework.data.keyvalue.repository.KeyValueRepository
 2023-07-07T15:11:58.321+09:00  INFO 1992 --- [main] .RepositoryConfigurationExtensionSupport : Spring Data Redis - Could not safely identify store assignment for repository candidate interface soccer.backend.domain.player.repository.PlayerRepository; If you want this repository to be a Redis repository, consider annotating your entities with one of these annotations: org.springframework.data.redis.core.RedisHash (preferred), or consider extending one of the following types with your repository: org.springframework.data.keyvalue.repository.KeyValueRepository
 2023-07-07T15:11:58.323+09:00  INFO 1992 --- [main] .RepositoryConfigurationExtensionSupport : Spring Data Redis - Could not safely identify store assignment for repository candidate interface soccer.backend.domain.post.repository.CommentRepository; If you want this repository to be a Redis repository, consider annotating your entities with one of these annotations: org.springframework.data.redis.core.RedisHash (preferred), or consider extending one of the following types with your repository: org.springframework.data.keyvalue.repository.KeyValueRepository
 2023-07-07T15:11:58.324+09:00  INFO 1992 --- [main] .RepositoryConfigurationExtensionSupport : Spring Data Redis - Could not safely identify store assignment for repository candidate interface soccer.backend.domain.post.repository.PostRepository; If you want this repository to be a Redis repository, consider annotating your entities with one of these annotations: org.springframework.data.redis.core.RedisHash (preferred), or consider extending one of the following types with your repository: org.springframework.data.keyvalue.repository.KeyValueRepository
 2023-07-07T15:11:58.325+09:00  INFO 1992 --- [main] .RepositoryConfigurationExtensionSupport : Spring Data Redis - Could not safely identify store assignment for repository candidate interface soccer.backend.domain.record.repository.RecordRepository; If you want this repository to be a Redis repository, consider annotating your entities with one of these annotations: org.springframework.data.redis.core.RedisHash (preferred), or consider extending one of the following types with your repository: org.springframework.data.keyvalue.repository.KeyValueRepository
 2023-07-07T15:11:58.326+09:00  INFO 1992 --- [main] .s.d.r.c.RepositoryConfigurationDelegate : Finished Spring Data repository scanning in 31 ms. Found 0 Redis repository interfaces.
 2023-07-07T15:11:59.663+09:00  INFO 1992 --- [main] o.s.b.w.embedded.tomcat.TomcatWebServer  : Tomcat initialized with port(s): 8080 (http)
 2023-07-07T15:11:59.679+09:00  INFO 1992 --- [main] o.apache.catalina.core.StandardService   : Starting service [Tomcat]
 2023-07-07T15:11:59.680+09:00  INFO 1992 --- [main] o.apache.catalina.core.StandardEngine    : Starting Servlet engine: [Apache Tomcat/10.1.7]
 2023-07-07T15:11:59.887+09:00  INFO 1992 --- [main] o.a.c.c.C.[Tomcat].[localhost].[/]       : Initializing Spring embedded WebApplicationContext
 2023-07-07T15:11:59.889+09:00  INFO 1992 --- [main] w.s.c.ServletWebServerApplicationContext : Root WebApplicationContext: initialization completed in 3823 ms
 2023-07-07T15:12:00.382+09:00  INFO 1992 --- [main] o.hibernate.jpa.internal.util.LogHelper  : HHH000204: Processing PersistenceUnitInfo [name: default]
 2023-07-07T15:12:00.499+09:00  INFO 1992 --- [main] org.hibernate.Version                    : HHH000412: Hibernate ORM core version 6.1.7.Final
 2023-07-07T15:12:01.080+09:00  INFO 1992 --- [main] com.zaxxer.hikari.HikariDataSource       : HikariPool-1 - Starting...
 2023-07-07T15:12:01.279+09:00  INFO 1992 --- [main] com.zaxxer.hikari.pool.HikariPool        : HikariPool-1 - Added connection conn0: url=jdbc:h2:tcp://localhost/~/test user=SA
 2023-07-07T15:12:01.283+09:00  INFO 1992 --- [main] com.zaxxer.hikari.HikariDataSource       : HikariPool-1 - Start completed.
 2023-07-07T15:12:01.356+09:00  INFO 1992 --- [main] SQL dialect                              : HHH000400: Using dialect: org.hibernate.dialect.H2Dialect
 2023-07-07T15:12:04.330+09:00  INFO 1992 --- [main] o.h.e.t.j.p.i.JtaPlatformInitiator       : HHH000490: Using JtaPlatform implementation: [org.hibernate.engine.transaction.jta.platform.internal.NoJtaPlatform]
 2023-07-07T15:12:04.367+09:00  INFO 1992 --- [main] j.LocalContainerEntityManagerFactoryBean : Initialized JPA EntityManagerFactory for persistence unit 'default'
 2023-07-07T15:12:05.196+09:00  WARN 1992 --- [main] ocalVariableTableParameterNameDiscoverer : Using deprecated '-debug' fallback for parameter name resolution. Compile the affected code with '-parameters' instead or avoid its introspection: soccer.backend.auth.repository.MemberRepository
 2023-07-07T15:12:06.280+09:00  WARN 1992 --- [main] ocalVariableTableParameterNameDiscoverer : Using deprecated '-debug' fallback for parameter name resolution. Compile the affected code with '-parameters' instead or avoid its introspection: soccer.backend.domain.player.repository.PlayerRepository
 2023-07-07T15:12:06.361+09:00  WARN 1992 --- [main] ocalVariableTableParameterNameDiscoverer : Using deprecated '-debug' fallback for parameter name resolution. Compile the affected code with '-parameters' instead or avoid its introspection: soccer.backend.domain.game.repository.GameRepository
 2023-07-07T15:12:06.446+09:00  WARN 1992 --- [main] ocalVariableTableParameterNameDiscoverer : Using deprecated '-debug' fallback for parameter name resolution. Compile the affected code with '-parameters' instead or avoid its introspection: soccer.backend.domain.record.repository.RecordRepository
 2023-07-07T15:12:06.549+09:00  WARN 1992 --- [main] ocalVariableTableParameterNameDiscoverer : Using deprecated '-debug' fallback for parameter name resolution. Compile the affected code with '-parameters' instead or avoid its introspection: soccer.backend.domain.game.repository.GamePlayerRepository
 2023-07-07T15:12:06.624+09:00  WARN 1992 --- [main] ocalVariableTableParameterNameDiscoverer : Using deprecated '-debug' fallback for parameter name resolution. Compile the affected code with '-parameters' instead or avoid its introspection: soccer.backend.domain.dotrecord.repository.DotRecordRepository
 2023-07-07T15:12:06.888+09:00  WARN 1992 --- [main] ocalVariableTableParameterNameDiscoverer : Using deprecated '-debug' fallback for parameter name resolution. Compile the affected code with '-parameters' instead or avoid its introspection: soccer.backend.domain.post.repository.PostRepository
 2023-07-07T15:12:07.482+09:00  WARN 1992 --- [main] ocalVariableTableParameterNameDiscoverer : Using deprecated '-debug' fallback for parameter name resolution. Compile the affected code with '-parameters' instead or avoid its introspection: soccer.backend.domain.post.repository.CommentRepository
 2023-07-07T15:12:07.668+09:00  WARN 1992 --- [main] JpaBaseConfiguration$JpaWebConfiguration : spring.jpa.open-in-view is enabled by default. Therefore, database queries may be performed during view rendering. Explicitly configure spring.jpa.open-in-view to disable this warning
 2023-07-07T15:12:08.154+09:00  INFO 1992 --- [main] o.s.b.a.w.s.WelcomePageHandlerMapping    : Adding welcome page: class path resource [static/index.html]
 2023-07-07T15:12:08.913+09:00  INFO 1992 --- [main] o.s.b.a.e.web.EndpointLinksResolver      : Exposing 1 endpoint(s) beneath base path '/dev/actuator'
 2023-07-07T15:12:09.053+09:00  INFO 1992 --- [main] o.s.s.web.DefaultSecurityFilterChain     : Will secure any request with [org.springframework.security.web.session.DisableEncodeUrlFilter@7545cb17, org.springframework.security.web.context.request.async.WebAsyncManagerIntegrationFilter@635b3ec7, org.springframework.security.web.context.SecurityContextHolderFilter@674f22ce, org.springframework.security.web.header.HeaderWriterFilter@7000df03, org.springframework.web.filter.CorsFilter@1f9b86f5, org.springframework.security.web.authentication.logout.LogoutFilter@70b2819f, soccer.backend.auth.jwt.JwtFilter@15aa3084, org.springframework.security.web.savedrequest.RequestCacheAwareFilter@53eb4dae, org.springframework.security.web.servletapi.SecurityContextHolderAwareRequestFilter@7781b55f, org.springframework.security.web.authentication.AnonymousAuthenticationFilter@4e6c4c55, org.springframework.security.web.session.SessionManagementFilter@7479b19a, org.springframework.security.web.access.ExceptionTranslationFilter@4460edf, org.springframework.security.web.access.intercept.AuthorizationFilter@37d43b9b]
 2023-07-07T15:12:10.351+09:00  INFO 1992 --- [main] o.s.b.w.embedded.tomcat.TomcatWebServer  : Tomcat started on port(s): 8080 (http) with context path ''
 2023-07-07T15:12:10.379+09:00  INFO 1992 --- [main] soccer.backend.BackendApplication        : Started BackendApplication in 15.508 seconds (process running for 16.676)
 2023-07-07T15:12:11.108+09:00  INFO 1992 --- [RMI TCP Connection(6)-192.168.45.35] o.a.c.c.C.[Tomcat].[localhost].[/]       : Initializing Spring DispatcherServlet 'dispatcherServlet'
 2023-07-07T15:12:11.109+09:00  INFO 1992 --- [RMI TCP Connection(6)-192.168.45.35] o.s.web.servlet.DispatcherServlet        : Initializing Servlet 'dispatcherServlet'
 2023-07-07T15:12:11.111+09:00  INFO 1992 --- [RMI TCP Connection(6)-192.168.45.35] o.s.web.servlet.DispatcherServlet        : Completed initialization in 2 ms
30de3bc4-f807-4edc-9a24-0efa107f3564 2023-07-07T15:36:00.768+09:00  INFO 1992 --- [http-nio-8080-exec-2] s.backend.global.logging.LogAspect       : anonymousUser called the method: signup
30de3bc4-f807-4edc-9a24-0efa107f3564 2023-07-07T15:36:01.028+09:00 DEBUG 1992 --- [http-nio-8080-exec-2] org.hibernate.SQL                        : select m1_0.id from member m1_0 where m1_0.member_id=? fetch first ? rows only
30de3bc4-f807-4edc-9a24-0efa107f3564 2023-07-07T15:36:01.370+09:00 DEBUG 1992 --- [http-nio-8080-exec-2] org.hibernate.SQL                        : insert into member (id, authority, created_at, email, member_id, name, nickname, password) values (default, ?, ?, ?, ?, ?, ?, ?)
30de3bc4-f807-4edc-9a24-0efa107f3564 2023-07-07T15:36:01.427+09:00  INFO 1992 --- [http-nio-8080-exec-2] s.backend.global.logging.LogAspect       : anonymousUser method has finished: signup
 2023-07-07T15:36:09.045+09:00  INFO 1992 --- [http-nio-8080-exec-4] o.apache.tomcat.util.http.parser.Cookie  : A cookie header was received [g_state={"i_l":0};] that contained an invalid cookie. That cookie will be ignored.
 Note: further occurrences of this error will be logged at DEBUG level.
6b4f12ef-a651-47ff-ab67-500a7731ce66 2023-07-07T15:36:09.054+09:00  INFO 1992 --- [http-nio-8080-exec-4] s.backend.global.logging.LogAspect       : anonymousUser called the method: login
6b4f12ef-a651-47ff-ab67-500a7731ce66 2023-07-07T15:36:09.080+09:00 DEBUG 1992 --- [http-nio-8080-exec-4] org.hibernate.SQL                        : select m1_0.id,m1_0.authority,m1_0.created_at,m1_0.email,m1_0.member_id,m1_0.name,m1_0.nickname,m1_0.password from member m1_0 where m1_0.member_id=?
6b4f12ef-a651-47ff-ab67-500a7731ce66 2023-07-07T15:36:09.538+09:00 DEBUG 1992 --- [http-nio-8080-exec-4] org.hibernate.SQL                        : select m1_0.id,m1_0.authority,m1_0.created_at,m1_0.email,m1_0.member_id,m1_0.name,m1_0.nickname,m1_0.password from member m1_0 where m1_0.member_id=?
6b4f12ef-a651-47ff-ab67-500a7731ce66 2023-07-07T15:36:09.903+09:00  INFO 1992 --- [http-nio-8080-exec-4] s.backend.global.logging.LogAspect       : anonymousUser method has finished: login
fd0bb224-0bad-409f-8e9d-40325e2e864c 2023-07-07T15:36:22.602+09:00  INFO 1992 --- [http-nio-8080-exec-9] s.backend.global.logging.LogAspect       : 1 called the method: createPost
fd0bb224-0bad-409f-8e9d-40325e2e864c 2023-07-07T15:36:22.663+09:00 DEBUG 1992 --- [http-nio-8080-exec-9] org.hibernate.SQL                        : select m1_0.id,m1_0.authority,m1_0.created_at,m1_0.email,m1_0.member_id,m1_0.name,m1_0.nickname,m1_0.password from member m1_0 where m1_0.id=?
fd0bb224-0bad-409f-8e9d-40325e2e864c 2023-07-07T15:36:22.730+09:00 DEBUG 1992 --- [http-nio-8080-exec-9] org.hibernate.SQL                        : insert into post (post_id, content, created_date, member_id, modified_date, title) values (default, ?, ?, ?, ?, ?)
fd0bb224-0bad-409f-8e9d-40325e2e864c 2023-07-07T15:36:22.757+09:00  INFO 1992 --- [http-nio-8080-exec-9] s.backend.global.logging.LogAspect       : 1 method has finished: createPost
3c8646ea-68a9-401e-98a2-c7a6eee0a2ee 2023-07-07T15:40:23.820+09:00  INFO 1992 --- [http-nio-8080-exec-2] s.backend.global.logging.LogAspect       : 1 called the method: createPost
3c8646ea-68a9-401e-98a2-c7a6eee0a2ee 2023-07-07T15:40:23.826+09:00 DEBUG 1992 --- [http-nio-8080-exec-2] org.hibernate.SQL                        : select m1_0.id,m1_0.authority,m1_0.created_at,m1_0.email,m1_0.member_id,m1_0.name,m1_0.nickname,m1_0.password from member m1_0 where m1_0.id=?
3c8646ea-68a9-401e-98a2-c7a6eee0a2ee 2023-07-07T15:40:23.831+09:00 DEBUG 1992 --- [http-nio-8080-exec-2] org.hibernate.SQL                        : insert into post (post_id, content, created_date, member_id, modified_date, title) values (default, ?, ?, ?, ?, ?)
3c8646ea-68a9-401e-98a2-c7a6eee0a2ee 2023-07-07T15:40:23.838+09:00  INFO 1992 --- [http-nio-8080-exec-2] s.backend.global.logging.LogAspect       : 1 method has finished: createPost
a06dbca8-c5ed-4278-aa52-3c3ab065b816 2023-07-07T15:40:24.269+09:00  INFO 1992 --- [http-nio-8080-exec-3] s.backend.global.logging.LogAspect       : 1 called the method: createPost
a06dbca8-c5ed-4278-aa52-3c3ab065b816 2023-07-07T15:40:24.272+09:00 DEBUG 1992 --- [http-nio-8080-exec-3] org.hibernate.SQL                        : select m1_0.id,m1_0.authority,m1_0.created_at,m1_0.email,m1_0.member_id,m1_0.name,m1_0.nickname,m1_0.password from member m1_0 where m1_0.id=?
a06dbca8-c5ed-4278-aa52-3c3ab065b816 2023-07-07T15:40:24.277+09:00 DEBUG 1992 --- [http-nio-8080-exec-3] org.hibernate.SQL                        : insert into post (post_id, content, created_date, member_id, modified_date, title) values (default, ?, ?, ?, ?, ?)
a06dbca8-c5ed-4278-aa52-3c3ab065b816 2023-07-07T15:40:24.283+09:00  INFO 1992 --- [http-nio-8080-exec-3] s.backend.global.logging.LogAspect       : 1 method has finished: createPost
f893004c-85cc-4ff7-8569-6f988d261779 2023-07-07T15:40:24.672+09:00  INFO 1992 --- [http-nio-8080-exec-5] s.backend.global.logging.LogAspect       : 1 called the method: createPost
f893004c-85cc-4ff7-8569-6f988d261779 2023-07-07T15:40:24.685+09:00 DEBUG 1992 --- [http-nio-8080-exec-5] org.hibernate.SQL                        : select m1_0.id,m1_0.authority,m1_0.created_at,m1_0.email,m1_0.member_id,m1_0.name,m1_0.nickname,m1_0.password from member m1_0 where m1_0.id=?
f893004c-85cc-4ff7-8569-6f988d261779 2023-07-07T15:40:24.689+09:00 DEBUG 1992 --- [http-nio-8080-exec-5] org.hibernate.SQL                        : insert into post (post_id, content, created_date, member_id, modified_date, title) values (default, ?, ?, ?, ?, ?)
f893004c-85cc-4ff7-8569-6f988d261779 2023-07-07T15:40:24.698+09:00  INFO 1992 --- [http-nio-8080-exec-5] s.backend.global.logging.LogAspect       : 1 method has finished: createPost
4a361d37-abd2-491e-b38a-ffd2657e4c8f 2023-07-07T15:40:25.251+09:00  INFO 1992 --- [http-nio-8080-exec-4] s.backend.global.logging.LogAspect       : 1 called the method: createPost
4a361d37-abd2-491e-b38a-ffd2657e4c8f 2023-07-07T15:40:25.255+09:00 DEBUG 1992 --- [http-nio-8080-exec-4] org.hibernate.SQL                        : select m1_0.id,m1_0.authority,m1_0.created_at,m1_0.email,m1_0.member_id,m1_0.name,m1_0.nickname,m1_0.password from member m1_0 where m1_0.id=?
4a361d37-abd2-491e-b38a-ffd2657e4c8f 2023-07-07T15:40:25.259+09:00 DEBUG 1992 --- [http-nio-8080-exec-4] org.hibernate.SQL                        : insert into post (post_id, content, created_date, member_id, modified_date, title) values (default, ?, ?, ?, ?, ?)
4a361d37-abd2-491e-b38a-ffd2657e4c8f 2023-07-07T15:40:25.266+09:00  INFO 1992 --- [http-nio-8080-exec-4] s.backend.global.logging.LogAspect       : 1 method has finished: createPost
b61a543c-41c4-471d-a951-631a70cdb415 2023-07-07T15:40:25.583+09:00  INFO 1992 --- [http-nio-8080-exec-7] s.backend.global.logging.LogAspect       : 1 called the method: createPost
b61a543c-41c4-471d-a951-631a70cdb415 2023-07-07T15:40:25.586+09:00 DEBUG 1992 --- [http-nio-8080-exec-7] org.hibernate.SQL                        : select m1_0.id,m1_0.authority,m1_0.created_at,m1_0.email,m1_0.member_id,m1_0.name,m1_0.nickname,m1_0.password from member m1_0 where m1_0.id=?
b61a543c-41c4-471d-a951-631a70cdb415 2023-07-07T15:40:25.589+09:00 DEBUG 1992 --- [http-nio-8080-exec-7] org.hibernate.SQL                        : insert into post (post_id, content, created_date, member_id, modified_date, title) values (default, ?, ?, ?, ?, ?)
b61a543c-41c4-471d-a951-631a70cdb415 2023-07-07T15:40:25.594+09:00  INFO 1992 --- [http-nio-8080-exec-7] s.backend.global.logging.LogAspect       : 1 method has finished: createPost
3653a358-ece2-4132-b8d8-ec0d68996056 2023-07-07T15:40:25.763+09:00  INFO 1992 --- [http-nio-8080-exec-6] s.backend.global.logging.LogAspect       : 1 called the method: createPost
3653a358-ece2-4132-b8d8-ec0d68996056 2023-07-07T15:40:25.765+09:00 DEBUG 1992 --- [http-nio-8080-exec-6] org.hibernate.SQL                        : select m1_0.id,m1_0.authority,m1_0.created_at,m1_0.email,m1_0.member_id,m1_0.name,m1_0.nickname,m1_0.password from member m1_0 where m1_0.id=?
3653a358-ece2-4132-b8d8-ec0d68996056 2023-07-07T15:40:25.769+09:00 DEBUG 1992 --- [http-nio-8080-exec-6] org.hibernate.SQL                        : insert into post (post_id, content, created_date, member_id, modified_date, title) values (default, ?, ?, ?, ?, ?)
3653a358-ece2-4132-b8d8-ec0d68996056 2023-07-07T15:40:25.776+09:00  INFO 1992 --- [http-nio-8080-exec-6] s.backend.global.logging.LogAspect       : 1 method has finished: createPost
faae6e5d-f4c9-4683-8322-4b691e4a6082 2023-07-07T15:40:25.921+09:00  INFO 1992 --- [http-nio-8080-exec-8] s.backend.global.logging.LogAspect       : 1 called the method: createPost
faae6e5d-f4c9-4683-8322-4b691e4a6082 2023-07-07T15:40:25.925+09:00 DEBUG 1992 --- [http-nio-8080-exec-8] org.hibernate.SQL                        : select m1_0.id,m1_0.authority,m1_0.created_at,m1_0.email,m1_0.member_id,m1_0.name,m1_0.nickname,m1_0.password from member m1_0 where m1_0.id=?
faae6e5d-f4c9-4683-8322-4b691e4a6082 2023-07-07T15:40:25.930+09:00 DEBUG 1992 --- [http-nio-8080-exec-8] org.hibernate.SQL                        : insert into post (post_id, content, created_date, member_id, modified_date, title) values (default, ?, ?, ?, ?, ?)
faae6e5d-f4c9-4683-8322-4b691e4a6082 2023-07-07T15:40:25.938+09:00  INFO 1992 --- [http-nio-8080-exec-8] s.backend.global.logging.LogAspect       : 1 method has finished: createPost
37c10b93-98d3-4465-a2bd-c8672a397509 2023-07-07T15:40:26.074+09:00  INFO 1992 --- [http-nio-8080-exec-9] s.backend.global.logging.LogAspect       : 1 called the method: createPost
37c10b93-98d3-4465-a2bd-c8672a397509 2023-07-07T15:40:26.078+09:00 DEBUG 1992 --- [http-nio-8080-exec-9] org.hibernate.SQL                        : select m1_0.id,m1_0.authority,m1_0.created_at,m1_0.email,m1_0.member_id,m1_0.name,m1_0.nickname,m1_0.password from member m1_0 where m1_0.id=?
37c10b93-98d3-4465-a2bd-c8672a397509 2023-07-07T15:40:26.082+09:00 DEBUG 1992 --- [http-nio-8080-exec-9] org.hibernate.SQL                        : insert into post (post_id, content, created_date, member_id, modified_date, title) values (default, ?, ?, ?, ?, ?)
37c10b93-98d3-4465-a2bd-c8672a397509 2023-07-07T15:40:26.088+09:00  INFO 1992 --- [http-nio-8080-exec-9] s.backend.global.logging.LogAspect       : 1 method has finished: createPost
9b61e034-36d3-4504-8ae3-f53f7ec63e1b 2023-07-07T15:40:26.241+09:00  INFO 1992 --- [http-nio-8080-exec-10] s.backend.global.logging.LogAspect       : 1 called the method: createPost
9b61e034-36d3-4504-8ae3-f53f7ec63e1b 2023-07-07T15:40:26.244+09:00 DEBUG 1992 --- [http-nio-8080-exec-10] org.hibernate.SQL                        : select m1_0.id,m1_0.authority,m1_0.created_at,m1_0.email,m1_0.member_id,m1_0.name,m1_0.nickname,m1_0.password from member m1_0 where m1_0.id=?
9b61e034-36d3-4504-8ae3-f53f7ec63e1b 2023-07-07T15:40:26.248+09:00 DEBUG 1992 --- [http-nio-8080-exec-10] org.hibernate.SQL                        : insert into post (post_id, content, created_date, member_id, modified_date, title) values (default, ?, ?, ?, ?, ?)
9b61e034-36d3-4504-8ae3-f53f7ec63e1b 2023-07-07T15:40:26.256+09:00  INFO 1992 --- [http-nio-8080-exec-10] s.backend.global.logging.LogAspect       : 1 method has finished: createPost
8fc07d16-ceef-4184-96aa-2d376b80bdac 2023-07-07T15:40:26.398+09:00  INFO 1992 --- [http-nio-8080-exec-1] s.backend.global.logging.LogAspect       : 1 called the method: createPost
8fc07d16-ceef-4184-96aa-2d376b80bdac 2023-07-07T15:40:26.400+09:00 DEBUG 1992 --- [http-nio-8080-exec-1] org.hibernate.SQL                        : select m1_0.id,m1_0.authority,m1_0.created_at,m1_0.email,m1_0.member_id,m1_0.name,m1_0.nickname,m1_0.password from member m1_0 where m1_0.id=?
8fc07d16-ceef-4184-96aa-2d376b80bdac 2023-07-07T15:40:26.405+09:00 DEBUG 1992 --- [http-nio-8080-exec-1] org.hibernate.SQL                        : insert into post (post_id, content, created_date, member_id, modified_date, title) values (default, ?, ?, ?, ?, ?)
8fc07d16-ceef-4184-96aa-2d376b80bdac 2023-07-07T15:40:26.411+09:00  INFO 1992 --- [http-nio-8080-exec-1] s.backend.global.logging.LogAspect       : 1 method has finished: createPost
4eb34259-d3ab-4143-ada9-a95be19496c7 2023-07-07T15:40:26.566+09:00  INFO 1992 --- [http-nio-8080-exec-2] s.backend.global.logging.LogAspect       : 1 called the method: createPost
4eb34259-d3ab-4143-ada9-a95be19496c7 2023-07-07T15:40:26.568+09:00 DEBUG 1992 --- [http-nio-8080-exec-2] org.hibernate.SQL                        : select m1_0.id,m1_0.authority,m1_0.created_at,m1_0.email,m1_0.member_id,m1_0.name,m1_0.nickname,m1_0.password from member m1_0 where m1_0.id=?
4eb34259-d3ab-4143-ada9-a95be19496c7 2023-07-07T15:40:26.572+09:00 DEBUG 1992 --- [http-nio-8080-exec-2] org.hibernate.SQL                        : insert into post (post_id, content, created_date, member_id, modified_date, title) values (default, ?, ?, ?, ?, ?)
4eb34259-d3ab-4143-ada9-a95be19496c7 2023-07-07T15:40:26.578+09:00  INFO 1992 --- [http-nio-8080-exec-2] s.backend.global.logging.LogAspect       : 1 method has finished: createPost
704936b2-217a-4919-b325-227d2d1c3816 2023-07-07T15:40:26.763+09:00  INFO 1992 --- [http-nio-8080-exec-3] s.backend.global.logging.LogAspect       : 1 called the method: createPost
704936b2-217a-4919-b325-227d2d1c3816 2023-07-07T15:40:26.765+09:00 DEBUG 1992 --- [http-nio-8080-exec-3] org.hibernate.SQL                        : select m1_0.id,m1_0.authority,m1_0.created_at,m1_0.email,m1_0.member_id,m1_0.name,m1_0.nickname,m1_0.password from member m1_0 where m1_0.id=?
704936b2-217a-4919-b325-227d2d1c3816 2023-07-07T15:40:26.769+09:00 DEBUG 1992 --- [http-nio-8080-exec-3] org.hibernate.SQL                        : insert into post (post_id, content, created_date, member_id, modified_date, title) values (default, ?, ?, ?, ?, ?)
704936b2-217a-4919-b325-227d2d1c3816 2023-07-07T15:40:26.776+09:00  INFO 1992 --- [http-nio-8080-exec-3] s.backend.global.logging.LogAspect       : 1 method has finished: createPost
396468d5-0f28-4b9f-aff0-bd533f78a67e 2023-07-07T15:40:26.920+09:00  INFO 1992 --- [http-nio-8080-exec-5] s.backend.global.logging.LogAspect       : 1 called the method: createPost
396468d5-0f28-4b9f-aff0-bd533f78a67e 2023-07-07T15:40:26.921+09:00 DEBUG 1992 --- [http-nio-8080-exec-5] org.hibernate.SQL                        : select m1_0.id,m1_0.authority,m1_0.created_at,m1_0.email,m1_0.member_id,m1_0.name,m1_0.nickname,m1_0.password from member m1_0 where m1_0.id=?
396468d5-0f28-4b9f-aff0-bd533f78a67e 2023-07-07T15:40:26.926+09:00 DEBUG 1992 --- [http-nio-8080-exec-5] org.hibernate.SQL                        : insert into post (post_id, content, created_date, member_id, modified_date, title) values (default, ?, ?, ?, ?, ?)
396468d5-0f28-4b9f-aff0-bd533f78a67e 2023-07-07T15:40:26.933+09:00  INFO 1992 --- [http-nio-8080-exec-5] s.backend.global.logging.LogAspect       : 1 method has finished: createPost
d1066339-c702-4c13-b19d-b829b14157fd 2023-07-07T15:40:27.108+09:00  INFO 1992 --- [http-nio-8080-exec-4] s.backend.global.logging.LogAspect       : 1 called the method: createPost
d1066339-c702-4c13-b19d-b829b14157fd 2023-07-07T15:40:27.110+09:00 DEBUG 1992 --- [http-nio-8080-exec-4] org.hibernate.SQL                        : select m1_0.id,m1_0.authority,m1_0.created_at,m1_0.email,m1_0.member_id,m1_0.name,m1_0.nickname,m1_0.password from member m1_0 where m1_0.id=?
d1066339-c702-4c13-b19d-b829b14157fd 2023-07-07T15:40:27.114+09:00 DEBUG 1992 --- [http-nio-8080-exec-4] org.hibernate.SQL                        : insert into post (post_id, content, created_date, member_id, modified_date, title) values (default, ?, ?, ?, ?, ?)
d1066339-c702-4c13-b19d-b829b14157fd 2023-07-07T15:40:27.119+09:00  INFO 1992 --- [http-nio-8080-exec-4] s.backend.global.logging.LogAspect       : 1 method has finished: createPost
