 2023-09-20T00:23:28.421+09:00  INFO 26956 --- [main] soccer.backend.BackendApplication        : Starting BackendApplication using Java 17.0.6 with PID 26956 (C:\Users\kimhobeen\IdeaProjects\toy_project\soccerAnalysttest\socceranalyst\backend\build\classes\java\main started by kimhobeen in C:\Users\kimhobeen\IdeaProjects\toy_project\soccerAnalysttest\socceranalyst\backend)
 2023-09-20T00:23:28.431+09:00  INFO 26956 --- [main] soccer.backend.BackendApplication        : No active profile set, falling back to 1 default profile: "default"
 2023-09-20T00:23:28.709+09:00  WARN 26956 --- [main] ConfigServletWebServerApplicationContext : Exception encountered during context initialization - cancelling refresh attempt: org.springframework.beans.factory.BeanDefinitionStoreException: Failed to parse configuration class [soccer.backend.BackendApplication]
 2023-09-20T00:23:28.830+09:00 ERROR 26956 --- [main] o.s.boot.SpringApplication               : Application run failed

org.springframework.beans.factory.BeanDefinitionStoreException: Failed to parse configuration class [soccer.backend.BackendApplication]
	at org.springframework.context.annotation.ConfigurationClassParser.parse(ConfigurationClassParser.java:178)
	at org.springframework.context.annotation.ConfigurationClassPostProcessor.processConfigBeanDefinitions(ConfigurationClassPostProcessor.java:398)
	at org.springframework.context.annotation.ConfigurationClassPostProcessor.postProcessBeanDefinitionRegistry(ConfigurationClassPostProcessor.java:283)
	at org.springframework.context.support.PostProcessorRegistrationDelegate.invokeBeanDefinitionRegistryPostProcessors(PostProcessorRegistrationDelegate.java:344)
	at org.springframework.context.support.PostProcessorRegistrationDelegate.invokeBeanFactoryPostProcessors(PostProcessorRegistrationDelegate.java:115)
	at org.springframework.context.support.AbstractApplicationContext.invokeBeanFactoryPostProcessors(AbstractApplicationContext.java:747)
	at org.springframework.context.support.AbstractApplicationContext.refresh(AbstractApplicationContext.java:565)
	at org.springframework.boot.web.servlet.context.ServletWebServerApplicationContext.refresh(ServletWebServerApplicationContext.java:146)
	at org.springframework.boot.SpringApplication.refresh(SpringApplication.java:732)
	at org.springframework.boot.SpringApplication.refreshContext(SpringApplication.java:434)
	at org.springframework.boot.SpringApplication.run(SpringApplication.java:310)
	at org.springframework.boot.SpringApplication.run(SpringApplication.java:1304)
	at org.springframework.boot.SpringApplication.run(SpringApplication.java:1293)
	at soccer.backend.BackendApplication.main(BackendApplication.java:10)
Caused by: org.springframework.context.annotation.ConflictingBeanDefinitionException: Annotation-specified bean name 'gameController' for bean class [soccer.backend.domain.game.controller.GameController] conflicts with existing, non-compatible bean definition of same name and class [soccer.backend.controller.GameController]
	at org.springframework.context.annotation.ClassPathBeanDefinitionScanner.checkCandidate(ClassPathBeanDefinitionScanner.java:349)
	at org.springframework.context.annotation.ClassPathBeanDefinitionScanner.doScan(ClassPathBeanDefinitionScanner.java:287)
	at org.springframework.context.annotation.ComponentScanAnnotationParser.parse(ComponentScanAnnotationParser.java:128)
	at org.springframework.context.annotation.ConfigurationClassParser.doProcessConfigurationClass(ConfigurationClassParser.java:289)
	at org.springframework.context.annotation.ConfigurationClassParser.processConfigurationClass(ConfigurationClassParser.java:243)
	at org.springframework.context.annotation.ConfigurationClassParser.parse(ConfigurationClassParser.java:196)
	at org.springframework.context.annotation.ConfigurationClassParser.parse(ConfigurationClassParser.java:164)
	... 13 common frames omitted

 2023-09-20T00:23:49.369+09:00  INFO 21648 --- [main] soccer.backend.BackendApplication        : Starting BackendApplication using Java 17.0.6 with PID 21648 (C:\Users\kimhobeen\IdeaProjects\toy_project\soccerAnalysttest\socceranalyst\backend\build\classes\java\main started by kimhobeen in C:\Users\kimhobeen\IdeaProjects\toy_project\soccerAnalysttest\socceranalyst\backend)
 2023-09-20T00:23:49.372+09:00  INFO 21648 --- [main] soccer.backend.BackendApplication        : No active profile set, falling back to 1 default profile: "default"
 2023-09-20T00:23:49.620+09:00  WARN 21648 --- [main] ConfigServletWebServerApplicationContext : Exception encountered during context initialization - cancelling refresh attempt: org.springframework.beans.factory.BeanDefinitionStoreException: Failed to parse configuration class [soccer.backend.BackendApplication]
 2023-09-20T00:23:49.715+09:00 ERROR 21648 --- [main] o.s.boot.SpringApplication               : Application run failed

org.springframework.beans.factory.BeanDefinitionStoreException: Failed to parse configuration class [soccer.backend.BackendApplication]
	at org.springframework.context.annotation.ConfigurationClassParser.parse(ConfigurationClassParser.java:178)
	at org.springframework.context.annotation.ConfigurationClassPostProcessor.processConfigBeanDefinitions(ConfigurationClassPostProcessor.java:398)
	at org.springframework.context.annotation.ConfigurationClassPostProcessor.postProcessBeanDefinitionRegistry(ConfigurationClassPostProcessor.java:283)
	at org.springframework.context.support.PostProcessorRegistrationDelegate.invokeBeanDefinitionRegistryPostProcessors(PostProcessorRegistrationDelegate.java:344)
	at org.springframework.context.support.PostProcessorRegistrationDelegate.invokeBeanFactoryPostProcessors(PostProcessorRegistrationDelegate.java:115)
	at org.springframework.context.support.AbstractApplicationContext.invokeBeanFactoryPostProcessors(AbstractApplicationContext.java:747)
	at org.springframework.context.support.AbstractApplicationContext.refresh(AbstractApplicationContext.java:565)
	at org.springframework.boot.web.servlet.context.ServletWebServerApplicationContext.refresh(ServletWebServerApplicationContext.java:146)
	at org.springframework.boot.SpringApplication.refresh(SpringApplication.java:732)
	at org.springframework.boot.SpringApplication.refreshContext(SpringApplication.java:434)
	at org.springframework.boot.SpringApplication.run(SpringApplication.java:310)
	at org.springframework.boot.SpringApplication.run(SpringApplication.java:1304)
	at org.springframework.boot.SpringApplication.run(SpringApplication.java:1293)
	at soccer.backend.BackendApplication.main(BackendApplication.java:10)
Caused by: org.springframework.context.annotation.ConflictingBeanDefinitionException: Annotation-specified bean name 'gameController' for bean class [soccer.backend.domain.game.controller.GameController] conflicts with existing, non-compatible bean definition of same name and class [soccer.backend.controller.GameController]
	at org.springframework.context.annotation.ClassPathBeanDefinitionScanner.checkCandidate(ClassPathBeanDefinitionScanner.java:349)
	at org.springframework.context.annotation.ClassPathBeanDefinitionScanner.doScan(ClassPathBeanDefinitionScanner.java:287)
	at org.springframework.context.annotation.ComponentScanAnnotationParser.parse(ComponentScanAnnotationParser.java:128)
	at org.springframework.context.annotation.ConfigurationClassParser.doProcessConfigurationClass(ConfigurationClassParser.java:289)
	at org.springframework.context.annotation.ConfigurationClassParser.processConfigurationClass(ConfigurationClassParser.java:243)
	at org.springframework.context.annotation.ConfigurationClassParser.parse(ConfigurationClassParser.java:196)
	at org.springframework.context.annotation.ConfigurationClassParser.parse(ConfigurationClassParser.java:164)
	... 13 common frames omitted

 2023-09-20T00:26:17.696+09:00  INFO 3760 --- [main] soccer.backend.BackendApplication        : Starting BackendApplication using Java 17.0.6 with PID 3760 (C:\Users\kimhobeen\IdeaProjects\toy_project\soccerAnalysttest\socceranalyst\backend\build\classes\java\main started by kimhobeen in C:\Users\kimhobeen\IdeaProjects\toy_project\soccerAnalysttest\socceranalyst\backend)
 2023-09-20T00:26:17.699+09:00  INFO 3760 --- [main] soccer.backend.BackendApplication        : No active profile set, falling back to 1 default profile: "default"
 2023-09-20T00:26:17.923+09:00  WARN 3760 --- [main] ConfigServletWebServerApplicationContext : Exception encountered during context initialization - cancelling refresh attempt: org.springframework.beans.factory.BeanDefinitionStoreException: Failed to parse configuration class [soccer.backend.BackendApplication]
 2023-09-20T00:26:18.051+09:00 ERROR 3760 --- [main] o.s.boot.SpringApplication               : Application run failed

org.springframework.beans.factory.BeanDefinitionStoreException: Failed to parse configuration class [soccer.backend.BackendApplication]
	at org.springframework.context.annotation.ConfigurationClassParser.parse(ConfigurationClassParser.java:178)
	at org.springframework.context.annotation.ConfigurationClassPostProcessor.processConfigBeanDefinitions(ConfigurationClassPostProcessor.java:398)
	at org.springframework.context.annotation.ConfigurationClassPostProcessor.postProcessBeanDefinitionRegistry(ConfigurationClassPostProcessor.java:283)
	at org.springframework.context.support.PostProcessorRegistrationDelegate.invokeBeanDefinitionRegistryPostProcessors(PostProcessorRegistrationDelegate.java:344)
	at org.springframework.context.support.PostProcessorRegistrationDelegate.invokeBeanFactoryPostProcessors(PostProcessorRegistrationDelegate.java:115)
	at org.springframework.context.support.AbstractApplicationContext.invokeBeanFactoryPostProcessors(AbstractApplicationContext.java:747)
	at org.springframework.context.support.AbstractApplicationContext.refresh(AbstractApplicationContext.java:565)
	at org.springframework.boot.web.servlet.context.ServletWebServerApplicationContext.refresh(ServletWebServerApplicationContext.java:146)
	at org.springframework.boot.SpringApplication.refresh(SpringApplication.java:732)
	at org.springframework.boot.SpringApplication.refreshContext(SpringApplication.java:434)
	at org.springframework.boot.SpringApplication.run(SpringApplication.java:310)
	at org.springframework.boot.SpringApplication.run(SpringApplication.java:1304)
	at org.springframework.boot.SpringApplication.run(SpringApplication.java:1293)
	at soccer.backend.BackendApplication.main(BackendApplication.java:10)
Caused by: org.springframework.context.annotation.ConflictingBeanDefinitionException: Annotation-specified bean name 'playerController' for bean class [soccer.backend.domain.player.controller.PlayerController] conflicts with existing, non-compatible bean definition of same name and class [soccer.backend.controller.PlayerController]
	at org.springframework.context.annotation.ClassPathBeanDefinitionScanner.checkCandidate(ClassPathBeanDefinitionScanner.java:349)
	at org.springframework.context.annotation.ClassPathBeanDefinitionScanner.doScan(ClassPathBeanDefinitionScanner.java:287)
	at org.springframework.context.annotation.ComponentScanAnnotationParser.parse(ComponentScanAnnotationParser.java:128)
	at org.springframework.context.annotation.ConfigurationClassParser.doProcessConfigurationClass(ConfigurationClassParser.java:289)
	at org.springframework.context.annotation.ConfigurationClassParser.processConfigurationClass(ConfigurationClassParser.java:243)
	at org.springframework.context.annotation.ConfigurationClassParser.parse(ConfigurationClassParser.java:196)
	at org.springframework.context.annotation.ConfigurationClassParser.parse(ConfigurationClassParser.java:164)
	... 13 common frames omitted

 2023-09-20T00:27:34.176+09:00  INFO 29868 --- [main] soccer.backend.BackendApplication        : Starting BackendApplication using Java 17.0.6 with PID 29868 (C:\Users\kimhobeen\IdeaProjects\toy_project\soccerAnalysttest\socceranalyst\backend\build\classes\java\main started by kimhobeen in C:\Users\kimhobeen\IdeaProjects\toy_project\soccerAnalysttest\socceranalyst\backend)
 2023-09-20T00:27:34.178+09:00  INFO 29868 --- [main] soccer.backend.BackendApplication        : No active profile set, falling back to 1 default profile: "default"
 2023-09-20T00:27:34.389+09:00  WARN 29868 --- [main] ConfigServletWebServerApplicationContext : Exception encountered during context initialization - cancelling refresh attempt: org.springframework.beans.factory.BeanDefinitionStoreException: Failed to parse configuration class [soccer.backend.BackendApplication]
 2023-09-20T00:27:34.503+09:00 ERROR 29868 --- [main] o.s.boot.SpringApplication               : Application run failed

org.springframework.beans.factory.BeanDefinitionStoreException: Failed to parse configuration class [soccer.backend.BackendApplication]
	at org.springframework.context.annotation.ConfigurationClassParser.parse(ConfigurationClassParser.java:178)
	at org.springframework.context.annotation.ConfigurationClassPostProcessor.processConfigBeanDefinitions(ConfigurationClassPostProcessor.java:398)
	at org.springframework.context.annotation.ConfigurationClassPostProcessor.postProcessBeanDefinitionRegistry(ConfigurationClassPostProcessor.java:283)
	at org.springframework.context.support.PostProcessorRegistrationDelegate.invokeBeanDefinitionRegistryPostProcessors(PostProcessorRegistrationDelegate.java:344)
	at org.springframework.context.support.PostProcessorRegistrationDelegate.invokeBeanFactoryPostProcessors(PostProcessorRegistrationDelegate.java:115)
	at org.springframework.context.support.AbstractApplicationContext.invokeBeanFactoryPostProcessors(AbstractApplicationContext.java:747)
	at org.springframework.context.support.AbstractApplicationContext.refresh(AbstractApplicationContext.java:565)
	at org.springframework.boot.web.servlet.context.ServletWebServerApplicationContext.refresh(ServletWebServerApplicationContext.java:146)
	at org.springframework.boot.SpringApplication.refresh(SpringApplication.java:732)
	at org.springframework.boot.SpringApplication.refreshContext(SpringApplication.java:434)
	at org.springframework.boot.SpringApplication.run(SpringApplication.java:310)
	at org.springframework.boot.SpringApplication.run(SpringApplication.java:1304)
	at org.springframework.boot.SpringApplication.run(SpringApplication.java:1293)
	at soccer.backend.BackendApplication.main(BackendApplication.java:10)
Caused by: org.springframework.context.annotation.ConflictingBeanDefinitionException: Annotation-specified bean name 'globalExceptionHandler' for bean class [soccer.backend.global.exception.GlobalExceptionHandler] conflicts with existing, non-compatible bean definition of same name and class [soccer.backend.aop.GlobalExceptionHandler]
	at org.springframework.context.annotation.ClassPathBeanDefinitionScanner.checkCandidate(ClassPathBeanDefinitionScanner.java:349)
	at org.springframework.context.annotation.ClassPathBeanDefinitionScanner.doScan(ClassPathBeanDefinitionScanner.java:287)
	at org.springframework.context.annotation.ComponentScanAnnotationParser.parse(ComponentScanAnnotationParser.java:128)
	at org.springframework.context.annotation.ConfigurationClassParser.doProcessConfigurationClass(ConfigurationClassParser.java:289)
	at org.springframework.context.annotation.ConfigurationClassParser.processConfigurationClass(ConfigurationClassParser.java:243)
	at org.springframework.context.annotation.ConfigurationClassParser.parse(ConfigurationClassParser.java:196)
	at org.springframework.context.annotation.ConfigurationClassParser.parse(ConfigurationClassParser.java:164)
	... 13 common frames omitted

 2023-09-20T00:28:19.309+09:00  INFO 7148 --- [main] soccer.backend.BackendApplication        : Starting BackendApplication using Java 17.0.6 with PID 7148 (C:\Users\kimhobeen\IdeaProjects\toy_project\soccerAnalysttest\socceranalyst\backend\build\classes\java\main started by kimhobeen in C:\Users\kimhobeen\IdeaProjects\toy_project\soccerAnalysttest\socceranalyst\backend)
 2023-09-20T00:28:19.315+09:00  INFO 7148 --- [main] soccer.backend.BackendApplication        : No active profile set, falling back to 1 default profile: "default"
 2023-09-20T00:28:19.720+09:00  WARN 7148 --- [main] ConfigServletWebServerApplicationContext : Exception encountered during context initialization - cancelling refresh attempt: org.springframework.beans.factory.BeanDefinitionStoreException: Failed to parse configuration class [soccer.backend.BackendApplication]
 2023-09-20T00:28:20.002+09:00 ERROR 7148 --- [main] o.s.boot.SpringApplication               : Application run failed

org.springframework.beans.factory.BeanDefinitionStoreException: Failed to parse configuration class [soccer.backend.BackendApplication]
	at org.springframework.context.annotation.ConfigurationClassParser.parse(ConfigurationClassParser.java:178)
	at org.springframework.context.annotation.ConfigurationClassPostProcessor.processConfigBeanDefinitions(ConfigurationClassPostProcessor.java:398)
	at org.springframework.context.annotation.ConfigurationClassPostProcessor.postProcessBeanDefinitionRegistry(ConfigurationClassPostProcessor.java:283)
	at org.springframework.context.support.PostProcessorRegistrationDelegate.invokeBeanDefinitionRegistryPostProcessors(PostProcessorRegistrationDelegate.java:344)
	at org.springframework.context.support.PostProcessorRegistrationDelegate.invokeBeanFactoryPostProcessors(PostProcessorRegistrationDelegate.java:115)
	at org.springframework.context.support.AbstractApplicationContext.invokeBeanFactoryPostProcessors(AbstractApplicationContext.java:747)
	at org.springframework.context.support.AbstractApplicationContext.refresh(AbstractApplicationContext.java:565)
	at org.springframework.boot.web.servlet.context.ServletWebServerApplicationContext.refresh(ServletWebServerApplicationContext.java:146)
	at org.springframework.boot.SpringApplication.refresh(SpringApplication.java:732)
	at org.springframework.boot.SpringApplication.refreshContext(SpringApplication.java:434)
	at org.springframework.boot.SpringApplication.run(SpringApplication.java:310)
	at org.springframework.boot.SpringApplication.run(SpringApplication.java:1304)
	at org.springframework.boot.SpringApplication.run(SpringApplication.java:1293)
	at soccer.backend.BackendApplication.main(BackendApplication.java:10)
Caused by: org.springframework.context.annotation.ConflictingBeanDefinitionException: Annotation-specified bean name 'globalExceptionHandler' for bean class [soccer.backend.global.exception.GlobalExceptionHandler] conflicts with existing, non-compatible bean definition of same name and class [soccer.backend.aop.GlobalExceptionHandler]
	at org.springframework.context.annotation.ClassPathBeanDefinitionScanner.checkCandidate(ClassPathBeanDefinitionScanner.java:349)
	at org.springframework.context.annotation.ClassPathBeanDefinitionScanner.doScan(ClassPathBeanDefinitionScanner.java:287)
	at org.springframework.context.annotation.ComponentScanAnnotationParser.parse(ComponentScanAnnotationParser.java:128)
	at org.springframework.context.annotation.ConfigurationClassParser.doProcessConfigurationClass(ConfigurationClassParser.java:289)
	at org.springframework.context.annotation.ConfigurationClassParser.processConfigurationClass(ConfigurationClassParser.java:243)
	at org.springframework.context.annotation.ConfigurationClassParser.parse(ConfigurationClassParser.java:196)
	at org.springframework.context.annotation.ConfigurationClassParser.parse(ConfigurationClassParser.java:164)
	... 13 common frames omitted

 2023-09-20T00:31:34.298+09:00  INFO 4820 --- [main] soccer.backend.BackendApplication        : Starting BackendApplication using Java 17.0.6 with PID 4820 (C:\Users\kimhobeen\IdeaProjects\toy_project\soccerAnalysttest\socceranalyst\backend\build\classes\java\main started by kimhobeen in C:\Users\kimhobeen\IdeaProjects\toy_project\soccerAnalysttest\socceranalyst\backend)
 2023-09-20T00:31:34.301+09:00  INFO 4820 --- [main] soccer.backend.BackendApplication        : No active profile set, falling back to 1 default profile: "default"
 2023-09-20T00:31:34.507+09:00  WARN 4820 --- [main] ConfigServletWebServerApplicationContext : Exception encountered during context initialization - cancelling refresh attempt: org.springframework.beans.factory.BeanDefinitionStoreException: Failed to parse configuration class [soccer.backend.BackendApplication]
 2023-09-20T00:31:34.643+09:00 ERROR 4820 --- [main] o.s.boot.SpringApplication               : Application run failed

org.springframework.beans.factory.BeanDefinitionStoreException: Failed to parse configuration class [soccer.backend.BackendApplication]
	at org.springframework.context.annotation.ConfigurationClassParser.parse(ConfigurationClassParser.java:178)
	at org.springframework.context.annotation.ConfigurationClassPostProcessor.processConfigBeanDefinitions(ConfigurationClassPostProcessor.java:398)
	at org.springframework.context.annotation.ConfigurationClassPostProcessor.postProcessBeanDefinitionRegistry(ConfigurationClassPostProcessor.java:283)
	at org.springframework.context.support.PostProcessorRegistrationDelegate.invokeBeanDefinitionRegistryPostProcessors(PostProcessorRegistrationDelegate.java:344)
	at org.springframework.context.support.PostProcessorRegistrationDelegate.invokeBeanFactoryPostProcessors(PostProcessorRegistrationDelegate.java:115)
	at org.springframework.context.support.AbstractApplicationContext.invokeBeanFactoryPostProcessors(AbstractApplicationContext.java:747)
	at org.springframework.context.support.AbstractApplicationContext.refresh(AbstractApplicationContext.java:565)
	at org.springframework.boot.web.servlet.context.ServletWebServerApplicationContext.refresh(ServletWebServerApplicationContext.java:146)
	at org.springframework.boot.SpringApplication.refresh(SpringApplication.java:732)
	at org.springframework.boot.SpringApplication.refreshContext(SpringApplication.java:434)
	at org.springframework.boot.SpringApplication.run(SpringApplication.java:310)
	at org.springframework.boot.SpringApplication.run(SpringApplication.java:1304)
	at org.springframework.boot.SpringApplication.run(SpringApplication.java:1293)
	at soccer.backend.BackendApplication.main(BackendApplication.java:10)
Caused by: org.springframework.context.annotation.ConflictingBeanDefinitionException: Annotation-specified bean name 'MDCLoggingFilter' for bean class [soccer.backend.global.filter.MDCLoggingFilter] conflicts with existing, non-compatible bean definition of same name and class [soccer.backend.filter.MDCLoggingFilter]
	at org.springframework.context.annotation.ClassPathBeanDefinitionScanner.checkCandidate(ClassPathBeanDefinitionScanner.java:349)
	at org.springframework.context.annotation.ClassPathBeanDefinitionScanner.doScan(ClassPathBeanDefinitionScanner.java:287)
	at org.springframework.context.annotation.ComponentScanAnnotationParser.parse(ComponentScanAnnotationParser.java:128)
	at org.springframework.context.annotation.ConfigurationClassParser.doProcessConfigurationClass(ConfigurationClassParser.java:289)
	at org.springframework.context.annotation.ConfigurationClassParser.processConfigurationClass(ConfigurationClassParser.java:243)
	at org.springframework.context.annotation.ConfigurationClassParser.parse(ConfigurationClassParser.java:196)
	at org.springframework.context.annotation.ConfigurationClassParser.parse(ConfigurationClassParser.java:164)
	... 13 common frames omitted

 2023-09-20T00:31:53.897+09:00  INFO 12500 --- [main] soccer.backend.BackendApplication        : Starting BackendApplication using Java 17.0.6 with PID 12500 (C:\Users\kimhobeen\IdeaProjects\toy_project\soccerAnalysttest\socceranalyst\backend\build\classes\java\main started by kimhobeen in C:\Users\kimhobeen\IdeaProjects\toy_project\soccerAnalysttest\socceranalyst\backend)
 2023-09-20T00:31:53.900+09:00  INFO 12500 --- [main] soccer.backend.BackendApplication        : No active profile set, falling back to 1 default profile: "default"
 2023-09-20T00:31:55.013+09:00  INFO 12500 --- [main] .s.d.r.c.RepositoryConfigurationDelegate : Multiple Spring Data modules found, entering strict repository configuration mode
 2023-09-20T00:31:55.016+09:00  INFO 12500 --- [main] .s.d.r.c.RepositoryConfigurationDelegate : Bootstrapping Spring Data JPA repositories in DEFAULT mode.
 2023-09-20T00:31:55.233+09:00  INFO 12500 --- [main] .s.d.r.c.RepositoryConfigurationDelegate : Finished Spring Data repository scanning in 207 ms. Found 6 JPA repository interfaces.
 2023-09-20T00:31:55.265+09:00  INFO 12500 --- [main] .s.d.r.c.RepositoryConfigurationDelegate : Multiple Spring Data modules found, entering strict repository configuration mode
 2023-09-20T00:31:55.268+09:00  INFO 12500 --- [main] .s.d.r.c.RepositoryConfigurationDelegate : Bootstrapping Spring Data Redis repositories in DEFAULT mode.
 2023-09-20T00:31:55.293+09:00  INFO 12500 --- [main] .RepositoryConfigurationExtensionSupport : Spring Data Redis - Could not safely identify store assignment for repository candidate interface soccer.backend.repository.DotRecordRepository; If you want this repository to be a Redis repository, consider annotating your entities with one of these annotations: org.springframework.data.redis.core.RedisHash (preferred), or consider extending one of the following types with your repository: org.springframework.data.keyvalue.repository.KeyValueRepository
 2023-09-20T00:31:55.294+09:00  INFO 12500 --- [main] .RepositoryConfigurationExtensionSupport : Spring Data Redis - Could not safely identify store assignment for repository candidate interface soccer.backend.repository.GamePlayerRepository; If you want this repository to be a Redis repository, consider annotating your entities with one of these annotations: org.springframework.data.redis.core.RedisHash (preferred), or consider extending one of the following types with your repository: org.springframework.data.keyvalue.repository.KeyValueRepository
 2023-09-20T00:31:55.295+09:00  INFO 12500 --- [main] .RepositoryConfigurationExtensionSupport : Spring Data Redis - Could not safely identify store assignment for repository candidate interface soccer.backend.repository.GameRepository; If you want this repository to be a Redis repository, consider annotating your entities with one of these annotations: org.springframework.data.redis.core.RedisHash (preferred), or consider extending one of the following types with your repository: org.springframework.data.keyvalue.repository.KeyValueRepository
 2023-09-20T00:31:55.295+09:00  INFO 12500 --- [main] .RepositoryConfigurationExtensionSupport : Spring Data Redis - Could not safely identify store assignment for repository candidate interface soccer.backend.repository.MemberRepository; If you want this repository to be a Redis repository, consider annotating your entities with one of these annotations: org.springframework.data.redis.core.RedisHash (preferred), or consider extending one of the following types with your repository: org.springframework.data.keyvalue.repository.KeyValueRepository
 2023-09-20T00:31:55.295+09:00  INFO 12500 --- [main] .RepositoryConfigurationExtensionSupport : Spring Data Redis - Could not safely identify store assignment for repository candidate interface soccer.backend.repository.PlayerRepository; If you want this repository to be a Redis repository, consider annotating your entities with one of these annotations: org.springframework.data.redis.core.RedisHash (preferred), or consider extending one of the following types with your repository: org.springframework.data.keyvalue.repository.KeyValueRepository
 2023-09-20T00:31:55.295+09:00  INFO 12500 --- [main] .RepositoryConfigurationExtensionSupport : Spring Data Redis - Could not safely identify store assignment for repository candidate interface soccer.backend.repository.RecordRepository; If you want this repository to be a Redis repository, consider annotating your entities with one of these annotations: org.springframework.data.redis.core.RedisHash (preferred), or consider extending one of the following types with your repository: org.springframework.data.keyvalue.repository.KeyValueRepository
 2023-09-20T00:31:55.295+09:00  INFO 12500 --- [main] .s.d.r.c.RepositoryConfigurationDelegate : Finished Spring Data repository scanning in 12 ms. Found 0 Redis repository interfaces.
 2023-09-20T00:31:56.172+09:00  INFO 12500 --- [main] o.s.b.w.embedded.tomcat.TomcatWebServer  : Tomcat initialized with port(s): 8080 (http)
 2023-09-20T00:31:56.184+09:00  INFO 12500 --- [main] o.apache.catalina.core.StandardService   : Starting service [Tomcat]
 2023-09-20T00:31:56.184+09:00  INFO 12500 --- [main] o.apache.catalina.core.StandardEngine    : Starting Servlet engine: [Apache Tomcat/10.1.7]
 2023-09-20T00:31:56.292+09:00  INFO 12500 --- [main] o.a.c.c.C.[Tomcat].[localhost].[/]       : Initializing Spring embedded WebApplicationContext
 2023-09-20T00:31:56.293+09:00  INFO 12500 --- [main] w.s.c.ServletWebServerApplicationContext : Root WebApplicationContext: initialization completed in 2352 ms
 2023-09-20T00:31:56.578+09:00  INFO 12500 --- [main] com.zaxxer.hikari.HikariDataSource       : HikariPool-1 - Starting...
 2023-09-20T00:31:56.836+09:00  INFO 12500 --- [main] com.zaxxer.hikari.pool.HikariPool        : HikariPool-1 - Added connection conn0: url=jdbc:h2:mem:dde6d721-a47c-42ea-b856-66f3ad2ae2cb user=SA
 2023-09-20T00:31:56.838+09:00  INFO 12500 --- [main] com.zaxxer.hikari.HikariDataSource       : HikariPool-1 - Start completed.
 2023-09-20T00:31:56.883+09:00  INFO 12500 --- [main] o.hibernate.jpa.internal.util.LogHelper  : HHH000204: Processing PersistenceUnitInfo [name: default]
 2023-09-20T00:31:56.965+09:00  INFO 12500 --- [main] org.hibernate.Version                    : HHH000412: Hibernate ORM core version 6.1.7.Final
 2023-09-20T00:31:57.382+09:00  INFO 12500 --- [main] SQL dialect                              : HHH000400: Using dialect: org.hibernate.dialect.H2Dialect
 2023-09-20T00:31:58.424+09:00 DEBUG 12500 --- [main] org.hibernate.SQL                        : drop table if exists dot_record cascade 
 2023-09-20T00:31:58.428+09:00 DEBUG 12500 --- [main] org.hibernate.SQL                        : drop table if exists game cascade 
 2023-09-20T00:31:58.429+09:00 DEBUG 12500 --- [main] org.hibernate.SQL                        : drop table if exists game_player cascade 
 2023-09-20T00:31:58.429+09:00 DEBUG 12500 --- [main] org.hibernate.SQL                        : drop table if exists member cascade 
 2023-09-20T00:31:58.429+09:00 DEBUG 12500 --- [main] org.hibernate.SQL                        : drop table if exists player cascade 
 2023-09-20T00:31:58.429+09:00 DEBUG 12500 --- [main] org.hibernate.SQL                        : drop table if exists record cascade 
 2023-09-20T00:31:58.434+09:00 DEBUG 12500 --- [main] org.hibernate.SQL                        : create table dot_record (id bigint generated by default as identity, game_position smallint, game_time integer, player_id bigint, player_name varchar(255), shoot boolean not null, shootx float(24), shooty float(24), valid_shoot boolean not null, x float(24), y float(24), game_id bigint, primary key (id))
 2023-09-20T00:31:58.442+09:00 DEBUG 12500 --- [main] org.hibernate.SQL                        : create table game (id bigint generated by default as identity, ga integer, gf integer, created_at date, game_name varchar(255), location varchar(255), opponent varchar(255), member_id bigint, primary key (id))
 2023-09-20T00:31:58.444+09:00 DEBUG 12500 --- [main] org.hibernate.SQL                        : create table game_player (id bigint generated by default as identity, game_id bigint, player_id bigint, primary key (id))
 2023-09-20T00:31:58.444+09:00 DEBUG 12500 --- [main] org.hibernate.SQL                        : create table member (id bigint generated by default as identity, authority varchar(255), created_at timestamp(6), email varchar(255) not null, member_id varchar(255) not null, name varchar(255) not null, nickname varchar(255) not null, password varchar(255) not null, primary key (id))
 2023-09-20T00:31:58.446+09:00 DEBUG 12500 --- [main] org.hibernate.SQL                        : create table player (id bigint generated by default as identity, name varchar(255), position varchar(255), member_id bigint, primary key (id))
 2023-09-20T00:31:58.446+09:00 DEBUG 12500 --- [main] org.hibernate.SQL                        : create table record (id bigint generated by default as identity, assist integer, chance_making integer, contention integer, cross_pass integer, dribble integer, game_position varchar(255), goal integer, intercept integer, long_pass integer, main varchar(255), pass integer, shoot integer, success_contention integer, success_cross_pass integer, success_dribble integer, success_long_pass integer, success_pass integer, tackle integer, time_in integer, time_out integer, touch integer, turnover integer, valid_shoot integer, game_id bigint, player_id bigint, primary key (id))
 2023-09-20T00:31:58.448+09:00 DEBUG 12500 --- [main] org.hibernate.SQL                        : alter table if exists dot_record add constraint FK7vn3bjp9sr541b5t6554xw0va foreign key (game_id) references game
 2023-09-20T00:31:58.461+09:00 DEBUG 12500 --- [main] org.hibernate.SQL                        : alter table if exists game add constraint FKlhk3xa6l9tc50g6mxkykgg5sx foreign key (member_id) references member
 2023-09-20T00:31:58.462+09:00 DEBUG 12500 --- [main] org.hibernate.SQL                        : alter table if exists game_player add constraint FK8so14tnd5mqdjqabugc0cycxu foreign key (game_id) references game
 2023-09-20T00:31:58.463+09:00 DEBUG 12500 --- [main] org.hibernate.SQL                        : alter table if exists game_player add constraint FK7ntwi66eylpagi55pmm4i61l5 foreign key (player_id) references player
 2023-09-20T00:31:58.465+09:00 DEBUG 12500 --- [main] org.hibernate.SQL                        : alter table if exists player add constraint FKtky0mr5eq3kww4rqiscxivebo foreign key (member_id) references member
 2023-09-20T00:31:58.466+09:00 DEBUG 12500 --- [main] org.hibernate.SQL                        : alter table if exists record add constraint FK5ic2ohoewcxeuaysnre2s7l4t foreign key (game_id) references game
 2023-09-20T00:31:58.467+09:00 DEBUG 12500 --- [main] org.hibernate.SQL                        : alter table if exists record add constraint FKfw266w08u31ocmlunkj50celm foreign key (player_id) references player
 2023-09-20T00:31:58.472+09:00  INFO 12500 --- [main] o.h.e.t.j.p.i.JtaPlatformInitiator       : HHH000490: Using JtaPlatform implementation: [org.hibernate.engine.transaction.jta.platform.internal.NoJtaPlatform]
 2023-09-20T00:31:58.486+09:00  INFO 12500 --- [main] j.LocalContainerEntityManagerFactoryBean : Initialized JPA EntityManagerFactory for persistence unit 'default'
 2023-09-20T00:31:58.892+09:00  WARN 12500 --- [main] ConfigServletWebServerApplicationContext : Exception encountered during context initialization - cancelling refresh attempt: org.springframework.beans.factory.UnsatisfiedDependencyException: Error creating bean with name 'authController' defined in file [C:\Users\kimhobeen\IdeaProjects\toy_project\soccerAnalysttest\socceranalyst\backend\build\classes\java\main\soccer\backend\auth\controller\AuthController.class]: Unsatisfied dependency expressed through constructor parameter 0: Error creating bean with name 'authService' defined in file [C:\Users\kimhobeen\IdeaProjects\toy_project\soccerAnalysttest\socceranalyst\backend\build\classes\java\main\soccer\backend\auth\service\AuthService.class]: Unsatisfied dependency expressed through constructor parameter 2: Error creating bean with name 'webSecurityConfig' defined in file [C:\Users\kimhobeen\IdeaProjects\toy_project\soccerAnalysttest\socceranalyst\backend\build\classes\java\main\soccer\backend\config\WebSecurityConfig.class]: Unsatisfied dependency expressed through constructor parameter 0: Error creating bean with name 'tokenProvider': Injection of autowired dependencies failed
 2023-09-20T00:31:58.893+09:00  INFO 12500 --- [main] j.LocalContainerEntityManagerFactoryBean : Closing JPA EntityManagerFactory for persistence unit 'default'
 2023-09-20T00:31:58.893+09:00  INFO 12500 --- [main] .SchemaDropperImpl$DelayedDropActionImpl : HHH000477: Starting delayed evictData of schema as part of SessionFactory shut-down'
 2023-09-20T00:31:58.894+09:00 DEBUG 12500 --- [main] org.hibernate.SQL                        : drop table if exists dot_record cascade 
 2023-09-20T00:31:58.895+09:00 DEBUG 12500 --- [main] org.hibernate.SQL                        : drop table if exists game cascade 
 2023-09-20T00:31:58.897+09:00 DEBUG 12500 --- [main] org.hibernate.SQL                        : drop table if exists game_player cascade 
 2023-09-20T00:31:58.897+09:00 DEBUG 12500 --- [main] org.hibernate.SQL                        : drop table if exists member cascade 
 2023-09-20T00:31:58.898+09:00 DEBUG 12500 --- [main] org.hibernate.SQL                        : drop table if exists player cascade 
 2023-09-20T00:31:58.899+09:00 DEBUG 12500 --- [main] org.hibernate.SQL                        : drop table if exists record cascade 
 2023-09-20T00:31:58.902+09:00  INFO 12500 --- [main] com.zaxxer.hikari.HikariDataSource       : HikariPool-1 - Shutdown initiated...
 2023-09-20T00:31:58.905+09:00  INFO 12500 --- [main] com.zaxxer.hikari.HikariDataSource       : HikariPool-1 - Shutdown completed.
 2023-09-20T00:31:58.906+09:00  INFO 12500 --- [main] o.apache.catalina.core.StandardService   : Stopping service [Tomcat]
 2023-09-20T00:31:58.922+09:00  INFO 12500 --- [main] .s.b.a.l.ConditionEvaluationReportLogger : 

Error starting ApplicationContext. To display the condition evaluation report re-run your application with 'debug' enabled.
 2023-09-20T00:31:58.941+09:00 ERROR 12500 --- [main] o.s.boot.SpringApplication               : Application run failed

org.springframework.beans.factory.UnsatisfiedDependencyException: Error creating bean with name 'authController' defined in file [C:\Users\kimhobeen\IdeaProjects\toy_project\soccerAnalysttest\socceranalyst\backend\build\classes\java\main\soccer\backend\auth\controller\AuthController.class]: Unsatisfied dependency expressed through constructor parameter 0: Error creating bean with name 'authService' defined in file [C:\Users\kimhobeen\IdeaProjects\toy_project\soccerAnalysttest\socceranalyst\backend\build\classes\java\main\soccer\backend\auth\service\AuthService.class]: Unsatisfied dependency expressed through constructor parameter 2: Error creating bean with name 'webSecurityConfig' defined in file [C:\Users\kimhobeen\IdeaProjects\toy_project\soccerAnalysttest\socceranalyst\backend\build\classes\java\main\soccer\backend\config\WebSecurityConfig.class]: Unsatisfied dependency expressed through constructor parameter 0: Error creating bean with name 'tokenProvider': Injection of autowired dependencies failed
	at org.springframework.beans.factory.support.ConstructorResolver.createArgumentArray(ConstructorResolver.java:798)
	at org.springframework.beans.factory.support.ConstructorResolver.autowireConstructor(ConstructorResolver.java:245)
	at org.springframework.beans.factory.support.AbstractAutowireCapableBeanFactory.autowireConstructor(AbstractAutowireCapableBeanFactory.java:1352)
	at org.springframework.beans.factory.support.AbstractAutowireCapableBeanFactory.createBeanInstance(AbstractAutowireCapableBeanFactory.java:1189)
	at org.springframework.beans.factory.support.AbstractAutowireCapableBeanFactory.doCreateBean(AbstractAutowireCapableBeanFactory.java:560)
	at org.springframework.beans.factory.support.AbstractAutowireCapableBeanFactory.createBean(AbstractAutowireCapableBeanFactory.java:520)
	at org.springframework.beans.factory.support.AbstractBeanFactory.lambda$doGetBean$0(AbstractBeanFactory.java:326)
	at org.springframework.beans.factory.support.DefaultSingletonBeanRegistry.getSingleton(DefaultSingletonBeanRegistry.java:234)
	at org.springframework.beans.factory.support.AbstractBeanFactory.doGetBean(AbstractBeanFactory.java:324)
	at org.springframework.beans.factory.support.AbstractBeanFactory.getBean(AbstractBeanFactory.java:200)
	at org.springframework.beans.factory.support.DefaultListableBeanFactory.preInstantiateSingletons(DefaultListableBeanFactory.java:973)
	at org.springframework.context.support.AbstractApplicationContext.finishBeanFactoryInitialization(AbstractApplicationContext.java:917)
	at org.springframework.context.support.AbstractApplicationContext.refresh(AbstractApplicationContext.java:584)
	at org.springframework.boot.web.servlet.context.ServletWebServerApplicationContext.refresh(ServletWebServerApplicationContext.java:146)
	at org.springframework.boot.SpringApplication.refresh(SpringApplication.java:732)
	at org.springframework.boot.SpringApplication.refreshContext(SpringApplication.java:434)
	at org.springframework.boot.SpringApplication.run(SpringApplication.java:310)
	at org.springframework.boot.SpringApplication.run(SpringApplication.java:1304)
	at org.springframework.boot.SpringApplication.run(SpringApplication.java:1293)
	at soccer.backend.BackendApplication.main(BackendApplication.java:10)
Caused by: org.springframework.beans.factory.UnsatisfiedDependencyException: Error creating bean with name 'authService' defined in file [C:\Users\kimhobeen\IdeaProjects\toy_project\soccerAnalysttest\socceranalyst\backend\build\classes\java\main\soccer\backend\auth\service\AuthService.class]: Unsatisfied dependency expressed through constructor parameter 2: Error creating bean with name 'webSecurityConfig' defined in file [C:\Users\kimhobeen\IdeaProjects\toy_project\soccerAnalysttest\socceranalyst\backend\build\classes\java\main\soccer\backend\config\WebSecurityConfig.class]: Unsatisfied dependency expressed through constructor parameter 0: Error creating bean with name 'tokenProvider': Injection of autowired dependencies failed
	at org.springframework.beans.factory.support.ConstructorResolver.createArgumentArray(ConstructorResolver.java:798)
	at org.springframework.beans.factory.support.ConstructorResolver.autowireConstructor(ConstructorResolver.java:245)
	at org.springframework.beans.factory.support.AbstractAutowireCapableBeanFactory.autowireConstructor(AbstractAutowireCapableBeanFactory.java:1352)
	at org.springframework.beans.factory.support.AbstractAutowireCapableBeanFactory.createBeanInstance(AbstractAutowireCapableBeanFactory.java:1189)
	at org.springframework.beans.factory.support.AbstractAutowireCapableBeanFactory.doCreateBean(AbstractAutowireCapableBeanFactory.java:560)
	at org.springframework.beans.factory.support.AbstractAutowireCapableBeanFactory.createBean(AbstractAutowireCapableBeanFactory.java:520)
	at org.springframework.beans.factory.support.AbstractBeanFactory.lambda$doGetBean$0(AbstractBeanFactory.java:326)
	at org.springframework.beans.factory.support.DefaultSingletonBeanRegistry.getSingleton(DefaultSingletonBeanRegistry.java:234)
	at org.springframework.beans.factory.support.AbstractBeanFactory.doGetBean(AbstractBeanFactory.java:324)
	at org.springframework.beans.factory.support.AbstractBeanFactory.getBean(AbstractBeanFactory.java:200)
	at org.springframework.beans.factory.config.DependencyDescriptor.resolveCandidate(DependencyDescriptor.java:254)
	at org.springframework.beans.factory.support.DefaultListableBeanFactory.doResolveDependency(DefaultListableBeanFactory.java:1417)
	at org.springframework.beans.factory.support.DefaultListableBeanFactory.resolveDependency(DefaultListableBeanFactory.java:1337)
	at org.springframework.beans.factory.support.ConstructorResolver.resolveAutowiredArgument(ConstructorResolver.java:885)
	at org.springframework.beans.factory.support.ConstructorResolver.createArgumentArray(ConstructorResolver.java:789)
	... 19 common frames omitted
Caused by: org.springframework.beans.factory.UnsatisfiedDependencyException: Error creating bean with name 'webSecurityConfig' defined in file [C:\Users\kimhobeen\IdeaProjects\toy_project\soccerAnalysttest\socceranalyst\backend\build\classes\java\main\soccer\backend\config\WebSecurityConfig.class]: Unsatisfied dependency expressed through constructor parameter 0: Error creating bean with name 'tokenProvider': Injection of autowired dependencies failed
	at org.springframework.beans.factory.support.ConstructorResolver.createArgumentArray(ConstructorResolver.java:798)
	at org.springframework.beans.factory.support.ConstructorResolver.autowireConstructor(ConstructorResolver.java:245)
	at org.springframework.beans.factory.support.AbstractAutowireCapableBeanFactory.autowireConstructor(AbstractAutowireCapableBeanFactory.java:1352)
	at org.springframework.beans.factory.support.AbstractAutowireCapableBeanFactory.createBeanInstance(AbstractAutowireCapableBeanFactory.java:1189)
	at org.springframework.beans.factory.support.AbstractAutowireCapableBeanFactory.doCreateBean(AbstractAutowireCapableBeanFactory.java:560)
	at org.springframework.beans.factory.support.AbstractAutowireCapableBeanFactory.createBean(AbstractAutowireCapableBeanFactory.java:520)
	at org.springframework.beans.factory.support.AbstractBeanFactory.lambda$doGetBean$0(AbstractBeanFactory.java:326)
	at org.springframework.beans.factory.support.DefaultSingletonBeanRegistry.getSingleton(DefaultSingletonBeanRegistry.java:234)
	at org.springframework.beans.factory.support.AbstractBeanFactory.doGetBean(AbstractBeanFactory.java:324)
	at org.springframework.beans.factory.support.AbstractBeanFactory.getBean(AbstractBeanFactory.java:200)
	at org.springframework.beans.factory.support.ConstructorResolver.instantiateUsingFactoryMethod(ConstructorResolver.java:415)
	at org.springframework.beans.factory.support.AbstractAutowireCapableBeanFactory.instantiateUsingFactoryMethod(AbstractAutowireCapableBeanFactory.java:1332)
	at org.springframework.beans.factory.support.AbstractAutowireCapableBeanFactory.createBeanInstance(AbstractAutowireCapableBeanFactory.java:1162)
	at org.springframework.beans.factory.support.AbstractAutowireCapableBeanFactory.doCreateBean(AbstractAutowireCapableBeanFactory.java:560)
	at org.springframework.beans.factory.support.AbstractAutowireCapableBeanFactory.createBean(AbstractAutowireCapableBeanFactory.java:520)
	at org.springframework.beans.factory.support.AbstractBeanFactory.lambda$doGetBean$0(AbstractBeanFactory.java:326)
	at org.springframework.beans.factory.support.DefaultSingletonBeanRegistry.getSingleton(DefaultSingletonBeanRegistry.java:234)
	at org.springframework.beans.factory.support.AbstractBeanFactory.doGetBean(AbstractBeanFactory.java:324)
	at org.springframework.beans.factory.support.AbstractBeanFactory.getBean(AbstractBeanFactory.java:200)
	at org.springframework.beans.factory.config.DependencyDescriptor.resolveCandidate(DependencyDescriptor.java:254)
	at org.springframework.beans.factory.support.DefaultListableBeanFactory.doResolveDependency(DefaultListableBeanFactory.java:1417)
	at org.springframework.beans.factory.support.DefaultListableBeanFactory.resolveDependency(DefaultListableBeanFactory.java:1337)
	at org.springframework.beans.factory.support.ConstructorResolver.resolveAutowiredArgument(ConstructorResolver.java:885)
	at org.springframework.beans.factory.support.ConstructorResolver.createArgumentArray(ConstructorResolver.java:789)
	... 33 common frames omitted
Caused by: org.springframework.beans.factory.BeanCreationException: Error creating bean with name 'tokenProvider': Injection of autowired dependencies failed
	at org.springframework.beans.factory.annotation.AutowiredAnnotationBeanPostProcessor.postProcessProperties(AutowiredAnnotationBeanPostProcessor.java:488)
	at org.springframework.beans.factory.support.AbstractAutowireCapableBeanFactory.populateBean(AbstractAutowireCapableBeanFactory.java:1416)
	at org.springframework.beans.factory.support.AbstractAutowireCapableBeanFactory.doCreateBean(AbstractAutowireCapableBeanFactory.java:597)
	at org.springframework.beans.factory.support.AbstractAutowireCapableBeanFactory.createBean(AbstractAutowireCapableBeanFactory.java:520)
	at org.springframework.beans.factory.support.AbstractBeanFactory.lambda$doGetBean$0(AbstractBeanFactory.java:326)
	at org.springframework.beans.factory.support.DefaultSingletonBeanRegistry.getSingleton(DefaultSingletonBeanRegistry.java:234)
	at org.springframework.beans.factory.support.AbstractBeanFactory.doGetBean(AbstractBeanFactory.java:324)
	at org.springframework.beans.factory.support.AbstractBeanFactory.getBean(AbstractBeanFactory.java:200)
	at org.springframework.beans.factory.config.DependencyDescriptor.resolveCandidate(DependencyDescriptor.java:254)
	at org.springframework.beans.factory.support.DefaultListableBeanFactory.doResolveDependency(DefaultListableBeanFactory.java:1417)
	at org.springframework.beans.factory.support.DefaultListableBeanFactory.resolveDependency(DefaultListableBeanFactory.java:1337)
	at org.springframework.beans.factory.support.ConstructorResolver.resolveAutowiredArgument(ConstructorResolver.java:885)
	at org.springframework.beans.factory.support.ConstructorResolver.createArgumentArray(ConstructorResolver.java:789)
	... 56 common frames omitted
Caused by: java.lang.IllegalArgumentException: Could not resolve placeholder 'accessToken.time' in value "${accessToken.time}"
	at org.springframework.util.PropertyPlaceholderHelper.parseStringValue(PropertyPlaceholderHelper.java:180)
	at org.springframework.util.PropertyPlaceholderHelper.replacePlaceholders(PropertyPlaceholderHelper.java:126)
	at org.springframework.core.env.AbstractPropertyResolver.doResolvePlaceholders(AbstractPropertyResolver.java:239)
	at org.springframework.core.env.AbstractPropertyResolver.resolveRequiredPlaceholders(AbstractPropertyResolver.java:210)
	at org.springframework.context.support.PropertySourcesPlaceholderConfigurer.lambda$processProperties$0(PropertySourcesPlaceholderConfigurer.java:191)
	at org.springframework.beans.factory.support.AbstractBeanFactory.resolveEmbeddedValue(AbstractBeanFactory.java:920)
	at org.springframework.beans.factory.support.DefaultListableBeanFactory.doResolveDependency(DefaultListableBeanFactory.java:1358)
	at org.springframework.beans.factory.support.DefaultListableBeanFactory.resolveDependency(DefaultListableBeanFactory.java:1337)
	at org.springframework.beans.factory.annotation.AutowiredAnnotationBeanPostProcessor$AutowiredFieldElement.resolveFieldValue(AutowiredAnnotationBeanPostProcessor.java:710)
	at org.springframework.beans.factory.annotation.AutowiredAnnotationBeanPostProcessor$AutowiredFieldElement.inject(AutowiredAnnotationBeanPostProcessor.java:693)
	at org.springframework.beans.factory.annotation.InjectionMetadata.inject(InjectionMetadata.java:133)
	at org.springframework.beans.factory.annotation.AutowiredAnnotationBeanPostProcessor.postProcessProperties(AutowiredAnnotationBeanPostProcessor.java:482)
	... 68 common frames omitted

 2023-09-20T00:32:38.174+09:00  INFO 14700 --- [main] soccer.backend.BackendApplication        : Starting BackendApplication using Java 17.0.6 with PID 14700 (C:\Users\kimhobeen\IdeaProjects\toy_project\soccerAnalysttest\socceranalyst\backend\build\classes\java\main started by kimhobeen in C:\Users\kimhobeen\IdeaProjects\toy_project\soccerAnalysttest\socceranalyst\backend)
 2023-09-20T00:32:38.177+09:00  INFO 14700 --- [main] soccer.backend.BackendApplication        : No active profile set, falling back to 1 default profile: "default"
 2023-09-20T00:32:39.119+09:00  INFO 14700 --- [main] .s.d.r.c.RepositoryConfigurationDelegate : Multiple Spring Data modules found, entering strict repository configuration mode
 2023-09-20T00:32:39.121+09:00  INFO 14700 --- [main] .s.d.r.c.RepositoryConfigurationDelegate : Bootstrapping Spring Data JPA repositories in DEFAULT mode.
 2023-09-20T00:32:39.314+09:00  INFO 14700 --- [main] .s.d.r.c.RepositoryConfigurationDelegate : Finished Spring Data repository scanning in 187 ms. Found 6 JPA repository interfaces.
 2023-09-20T00:32:39.328+09:00  INFO 14700 --- [main] .s.d.r.c.RepositoryConfigurationDelegate : Multiple Spring Data modules found, entering strict repository configuration mode
 2023-09-20T00:32:39.330+09:00  INFO 14700 --- [main] .s.d.r.c.RepositoryConfigurationDelegate : Bootstrapping Spring Data Redis repositories in DEFAULT mode.
 2023-09-20T00:32:39.346+09:00  INFO 14700 --- [main] .RepositoryConfigurationExtensionSupport : Spring Data Redis - Could not safely identify store assignment for repository candidate interface soccer.backend.repository.DotRecordRepository; If you want this repository to be a Redis repository, consider annotating your entities with one of these annotations: org.springframework.data.redis.core.RedisHash (preferred), or consider extending one of the following types with your repository: org.springframework.data.keyvalue.repository.KeyValueRepository
 2023-09-20T00:32:39.347+09:00  INFO 14700 --- [main] .RepositoryConfigurationExtensionSupport : Spring Data Redis - Could not safely identify store assignment for repository candidate interface soccer.backend.repository.GamePlayerRepository; If you want this repository to be a Redis repository, consider annotating your entities with one of these annotations: org.springframework.data.redis.core.RedisHash (preferred), or consider extending one of the following types with your repository: org.springframework.data.keyvalue.repository.KeyValueRepository
 2023-09-20T00:32:39.348+09:00  INFO 14700 --- [main] .RepositoryConfigurationExtensionSupport : Spring Data Redis - Could not safely identify store assignment for repository candidate interface soccer.backend.repository.GameRepository; If you want this repository to be a Redis repository, consider annotating your entities with one of these annotations: org.springframework.data.redis.core.RedisHash (preferred), or consider extending one of the following types with your repository: org.springframework.data.keyvalue.repository.KeyValueRepository
 2023-09-20T00:32:39.348+09:00  INFO 14700 --- [main] .RepositoryConfigurationExtensionSupport : Spring Data Redis - Could not safely identify store assignment for repository candidate interface soccer.backend.repository.MemberRepository; If you want this repository to be a Redis repository, consider annotating your entities with one of these annotations: org.springframework.data.redis.core.RedisHash (preferred), or consider extending one of the following types with your repository: org.springframework.data.keyvalue.repository.KeyValueRepository
 2023-09-20T00:32:39.348+09:00  INFO 14700 --- [main] .RepositoryConfigurationExtensionSupport : Spring Data Redis - Could not safely identify store assignment for repository candidate interface soccer.backend.repository.PlayerRepository; If you want this repository to be a Redis repository, consider annotating your entities with one of these annotations: org.springframework.data.redis.core.RedisHash (preferred), or consider extending one of the following types with your repository: org.springframework.data.keyvalue.repository.KeyValueRepository
 2023-09-20T00:32:39.348+09:00  INFO 14700 --- [main] .RepositoryConfigurationExtensionSupport : Spring Data Redis - Could not safely identify store assignment for repository candidate interface soccer.backend.repository.RecordRepository; If you want this repository to be a Redis repository, consider annotating your entities with one of these annotations: org.springframework.data.redis.core.RedisHash (preferred), or consider extending one of the following types with your repository: org.springframework.data.keyvalue.repository.KeyValueRepository
 2023-09-20T00:32:39.349+09:00  INFO 14700 --- [main] .s.d.r.c.RepositoryConfigurationDelegate : Finished Spring Data repository scanning in 10 ms. Found 0 Redis repository interfaces.
 2023-09-20T00:32:40.015+09:00  INFO 14700 --- [main] o.s.b.w.embedded.tomcat.TomcatWebServer  : Tomcat initialized with port(s): 8080 (http)
 2023-09-20T00:32:40.025+09:00  INFO 14700 --- [main] o.apache.catalina.core.StandardService   : Starting service [Tomcat]
 2023-09-20T00:32:40.026+09:00  INFO 14700 --- [main] o.apache.catalina.core.StandardEngine    : Starting Servlet engine: [Apache Tomcat/10.1.7]
 2023-09-20T00:32:40.109+09:00  INFO 14700 --- [main] o.a.c.c.C.[Tomcat].[localhost].[/]       : Initializing Spring embedded WebApplicationContext
 2023-09-20T00:32:40.110+09:00  INFO 14700 --- [main] w.s.c.ServletWebServerApplicationContext : Root WebApplicationContext: initialization completed in 1887 ms
 2023-09-20T00:32:40.360+09:00  INFO 14700 --- [main] o.hibernate.jpa.internal.util.LogHelper  : HHH000204: Processing PersistenceUnitInfo [name: default]
 2023-09-20T00:32:40.409+09:00  INFO 14700 --- [main] org.hibernate.Version                    : HHH000412: Hibernate ORM core version 6.1.7.Final
 2023-09-20T00:32:40.655+09:00  INFO 14700 --- [main] com.zaxxer.hikari.HikariDataSource       : HikariPool-1 - Starting...
 2023-09-20T00:32:40.809+09:00  INFO 14700 --- [main] com.zaxxer.hikari.pool.HikariPool        : HikariPool-1 - Added connection conn0: url=jdbc:h2:mem:test user=SA
 2023-09-20T00:32:40.811+09:00  INFO 14700 --- [main] com.zaxxer.hikari.HikariDataSource       : HikariPool-1 - Start completed.
 2023-09-20T00:32:40.840+09:00  INFO 14700 --- [main] SQL dialect                              : HHH000400: Using dialect: org.hibernate.dialect.H2Dialect
 2023-09-20T00:32:41.818+09:00  INFO 14700 --- [main] o.h.e.t.j.p.i.JtaPlatformInitiator       : HHH000490: Using JtaPlatform implementation: [org.hibernate.engine.transaction.jta.platform.internal.NoJtaPlatform]
 2023-09-20T00:32:41.831+09:00  INFO 14700 --- [main] j.LocalContainerEntityManagerFactoryBean : Initialized JPA EntityManagerFactory for persistence unit 'default'
 2023-09-20T00:32:42.835+09:00  WARN 14700 --- [main] JpaBaseConfiguration$JpaWebConfiguration : spring.jpa.open-in-view is enabled by default. Therefore, database queries may be performed during view rendering. Explicitly configure spring.jpa.open-in-view to disable this warning
 2023-09-20T00:32:42.990+09:00  INFO 14700 --- [main] o.s.b.a.w.s.WelcomePageHandlerMapping    : Adding welcome page: class path resource [static/index.html]
 2023-09-20T00:32:43.286+09:00  INFO 14700 --- [main] o.s.b.a.e.web.EndpointLinksResolver      : Exposing 1 endpoint(s) beneath base path '/dev/actuator'
 2023-09-20T00:32:43.341+09:00  INFO 14700 --- [main] o.s.s.web.DefaultSecurityFilterChain     : Will secure any request with [org.springframework.security.web.session.DisableEncodeUrlFilter@8cd00bc, org.springframework.security.web.context.request.async.WebAsyncManagerIntegrationFilter@5035c23c, org.springframework.security.web.context.SecurityContextHolderFilter@1fc5791c, org.springframework.security.web.header.HeaderWriterFilter@1427827f, org.springframework.web.filter.CorsFilter@4149067d, org.springframework.security.web.authentication.logout.LogoutFilter@47fe4c3e, soccer.backend.auth.jwt.JwtFilter@4d8458a1, org.springframework.security.web.savedrequest.RequestCacheAwareFilter@3f679ce, org.springframework.security.web.servletapi.SecurityContextHolderAwareRequestFilter@57fd3b57, org.springframework.security.web.authentication.AnonymousAuthenticationFilter@2d2c794d, org.springframework.security.web.session.SessionManagementFilter@37c5a3c7, org.springframework.security.web.access.ExceptionTranslationFilter@4d343793, org.springframework.security.web.access.intercept.AuthorizationFilter@253fb3fa]
 2023-09-20T00:32:43.834+09:00  INFO 14700 --- [main] o.s.b.w.embedded.tomcat.TomcatWebServer  : Tomcat started on port(s): 8080 (http) with context path ''
 2023-09-20T00:32:43.848+09:00  INFO 14700 --- [main] soccer.backend.BackendApplication        : Started BackendApplication in 6.268 seconds (process running for 6.92)
 2023-09-20T00:32:44.304+09:00  INFO 14700 --- [RMI TCP Connection(5)-192.168.45.154] o.a.c.c.C.[Tomcat].[localhost].[/]       : Initializing Spring DispatcherServlet 'dispatcherServlet'
 2023-09-20T00:32:44.304+09:00  INFO 14700 --- [RMI TCP Connection(5)-192.168.45.154] o.s.web.servlet.DispatcherServlet        : Initializing Servlet 'dispatcherServlet'
 2023-09-20T00:32:44.306+09:00  INFO 14700 --- [RMI TCP Connection(5)-192.168.45.154] o.s.web.servlet.DispatcherServlet        : Completed initialization in 2 ms
 2023-09-20T00:32:44.819+09:00  WARN 14700 --- [RMI TCP Connection(4)-192.168.45.154] o.s.b.a.data.redis.RedisHealthIndicator  : Redis health check failed

org.springframework.data.redis.RedisConnectionFailureException: Unable to connect to Redis
	at org.springframework.data.redis.connection.lettuce.LettuceConnectionFactory$ExceptionTranslatingConnectionProvider.translateException(LettuceConnectionFactory.java:1602)
	at org.springframework.data.redis.connection.lettuce.LettuceConnectionFactory$ExceptionTranslatingConnectionProvider.getConnection(LettuceConnectionFactory.java:1533)
	at org.springframework.data.redis.connection.lettuce.LettuceConnectionFactory$SharedConnection.getNativeConnection(LettuceConnectionFactory.java:1358)
	at org.springframework.data.redis.connection.lettuce.LettuceConnectionFactory$SharedConnection.getConnection(LettuceConnectionFactory.java:1341)
	at org.springframework.data.redis.connection.lettuce.LettuceConnectionFactory.getSharedConnection(LettuceConnectionFactory.java:1059)
	at org.springframework.data.redis.connection.lettuce.LettuceConnectionFactory.getConnection(LettuceConnectionFactory.java:398)
	at org.springframework.data.redis.core.RedisConnectionUtils.fetchConnection(RedisConnectionUtils.java:193)
	at org.springframework.data.redis.core.RedisConnectionUtils.doGetConnection(RedisConnectionUtils.java:144)
	at org.springframework.data.redis.core.RedisConnectionUtils.getConnection(RedisConnectionUtils.java:105)
	at org.springframework.data.redis.core.RedisConnectionUtils.getConnection(RedisConnectionUtils.java:92)
	at org.springframework.boot.actuate.data.redis.RedisHealthIndicator.doHealthCheck(RedisHealthIndicator.java:49)
	at org.springframework.boot.actuate.health.AbstractHealthIndicator.health(AbstractHealthIndicator.java:82)
	at org.springframework.boot.actuate.health.HealthIndicator.getHealth(HealthIndicator.java:37)
	at org.springframework.boot.actuate.health.HealthEndpoint.getHealth(HealthEndpoint.java:82)
	at org.springframework.boot.actuate.health.HealthEndpoint.getHealth(HealthEndpoint.java:41)
	at org.springframework.boot.actuate.health.HealthEndpointSupport.getLoggedHealth(HealthEndpointSupport.java:172)
	at org.springframework.boot.actuate.health.HealthEndpointSupport.getContribution(HealthEndpointSupport.java:145)
	at org.springframework.boot.actuate.health.HealthEndpointSupport.getAggregateContribution(HealthEndpointSupport.java:156)
	at org.springframework.boot.actuate.health.HealthEndpointSupport.getContribution(HealthEndpointSupport.java:141)
	at org.springframework.boot.actuate.health.HealthEndpointSupport.getHealth(HealthEndpointSupport.java:110)
	at org.springframework.boot.actuate.health.HealthEndpointSupport.getHealth(HealthEndpointSupport.java:81)
	at org.springframework.boot.actuate.health.HealthEndpoint.health(HealthEndpoint.java:76)
	at org.springframework.boot.actuate.health.HealthEndpoint.health(HealthEndpoint.java:66)
	at java.base/jdk.internal.reflect.NativeMethodAccessorImpl.invoke0(Native Method)
	at java.base/jdk.internal.reflect.NativeMethodAccessorImpl.invoke(NativeMethodAccessorImpl.java:77)
	at java.base/jdk.internal.reflect.DelegatingMethodAccessorImpl.invoke(DelegatingMethodAccessorImpl.java:43)
	at java.base/java.lang.reflect.Method.invoke(Method.java:568)
	at org.springframework.util.ReflectionUtils.invokeMethod(ReflectionUtils.java:281)
	at org.springframework.boot.actuate.endpoint.invoke.reflect.ReflectiveOperationInvoker.invoke(ReflectiveOperationInvoker.java:74)
	at org.springframework.boot.actuate.endpoint.annotation.AbstractDiscoveredOperation.invoke(AbstractDiscoveredOperation.java:60)
	at org.springframework.boot.actuate.endpoint.jmx.EndpointMBean.invoke(EndpointMBean.java:124)
	at org.springframework.boot.actuate.endpoint.jmx.EndpointMBean.invoke(EndpointMBean.java:97)
	at java.management/com.sun.jmx.interceptor.DefaultMBeanServerInterceptor.invoke(DefaultMBeanServerInterceptor.java:814)
	at java.management/com.sun.jmx.mbeanserver.JmxMBeanServer.invoke(JmxMBeanServer.java:802)
	at java.management.rmi/javax.management.remote.rmi.RMIConnectionImpl.doOperation(RMIConnectionImpl.java:1472)
	at java.management.rmi/javax.management.remote.rmi.RMIConnectionImpl$PrivilegedOperation.run(RMIConnectionImpl.java:1310)
	at java.management.rmi/javax.management.remote.rmi.RMIConnectionImpl.doPrivilegedOperation(RMIConnectionImpl.java:1405)
	at java.management.rmi/javax.management.remote.rmi.RMIConnectionImpl.invoke(RMIConnectionImpl.java:829)
	at java.base/jdk.internal.reflect.GeneratedMethodAccessor37.invoke(Unknown Source)
	at java.base/jdk.internal.reflect.DelegatingMethodAccessorImpl.invoke(DelegatingMethodAccessorImpl.java:43)
	at java.base/java.lang.reflect.Method.invoke(Method.java:568)
	at java.rmi/sun.rmi.server.UnicastServerRef.dispatch(UnicastServerRef.java:360)
	at java.rmi/sun.rmi.transport.Transport$1.run(Transport.java:200)
	at java.rmi/sun.rmi.transport.Transport$1.run(Transport.java:197)
	at java.base/java.security.AccessController.doPrivileged(AccessController.java:712)
	at java.rmi/sun.rmi.transport.Transport.serviceCall(Transport.java:196)
	at java.rmi/sun.rmi.transport.tcp.TCPTransport.handleMessages(TCPTransport.java:587)
	at java.rmi/sun.rmi.transport.tcp.TCPTransport$ConnectionHandler.run0(TCPTransport.java:828)
	at java.rmi/sun.rmi.transport.tcp.TCPTransport$ConnectionHandler.lambda$run$0(TCPTransport.java:705)
	at java.base/java.security.AccessController.doPrivileged(AccessController.java:399)
	at java.rmi/sun.rmi.transport.tcp.TCPTransport$ConnectionHandler.run(TCPTransport.java:704)
	at java.base/java.util.concurrent.ThreadPoolExecutor.runWorker(ThreadPoolExecutor.java:1136)
	at java.base/java.util.concurrent.ThreadPoolExecutor$Worker.run(ThreadPoolExecutor.java:635)
	at java.base/java.lang.Thread.run(Thread.java:833)
Caused by: io.lettuce.core.RedisConnectionException: Unable to connect to 127.0.0.1/<unresolved>:6379
	at io.lettuce.core.RedisConnectionException.create(RedisConnectionException.java:78)
	at io.lettuce.core.RedisConnectionException.create(RedisConnectionException.java:56)
	at io.lettuce.core.AbstractRedisClient.getConnection(AbstractRedisClient.java:350)
	at io.lettuce.core.RedisClient.connect(RedisClient.java:216)
	at org.springframework.data.redis.connection.lettuce.StandaloneConnectionProvider.lambda$getConnection$1(StandaloneConnectionProvider.java:111)
	at java.base/java.util.Optional.orElseGet(Optional.java:364)
	at org.springframework.data.redis.connection.lettuce.StandaloneConnectionProvider.getConnection(StandaloneConnectionProvider.java:111)
	at org.springframework.data.redis.connection.lettuce.LettuceConnectionFactory$ExceptionTranslatingConnectionProvider.getConnection(LettuceConnectionFactory.java:1531)
	... 52 common frames omitted
Caused by: io.netty.channel.AbstractChannel$AnnotatedConnectException: Connection refused: no further information: /127.0.0.1:6379
Caused by: java.net.ConnectException: Connection refused: no further information
	at java.base/sun.nio.ch.Net.pollConnect(Native Method)
	at java.base/sun.nio.ch.Net.pollConnectNow(Net.java:672)
	at java.base/sun.nio.ch.SocketChannelImpl.finishConnect(SocketChannelImpl.java:946)
	at io.netty.channel.socket.nio.NioSocketChannel.doFinishConnect(NioSocketChannel.java:337)
	at io.netty.channel.nio.AbstractNioChannel$AbstractNioUnsafe.finishConnect(AbstractNioChannel.java:334)
	at io.netty.channel.nio.NioEventLoop.processSelectedKey(NioEventLoop.java:776)
	at io.netty.channel.nio.NioEventLoop.processSelectedKeysOptimized(NioEventLoop.java:724)
	at io.netty.channel.nio.NioEventLoop.processSelectedKeys(NioEventLoop.java:650)
	at io.netty.channel.nio.NioEventLoop.run(NioEventLoop.java:562)
	at io.netty.util.concurrent.SingleThreadEventExecutor$4.run(SingleThreadEventExecutor.java:997)
	at io.netty.util.internal.ThreadExecutorMap$2.run(ThreadExecutorMap.java:74)
	at io.netty.util.concurrent.FastThreadLocalRunnable.run(FastThreadLocalRunnable.java:30)
	at java.base/java.lang.Thread.run(Thread.java:833)

 2023-09-20T00:33:14.084+09:00  INFO 25804 --- [main] soccer.backend.BackendApplication        : Starting BackendApplication using Java 17.0.6 with PID 25804 (C:\Users\kimhobeen\IdeaProjects\toy_project\soccerAnalysttest\socceranalyst\backend\build\classes\java\main started by kimhobeen in C:\Users\kimhobeen\IdeaProjects\toy_project\soccerAnalysttest\socceranalyst\backend)
 2023-09-20T00:33:14.088+09:00  INFO 25804 --- [main] soccer.backend.BackendApplication        : No active profile set, falling back to 1 default profile: "default"
 2023-09-20T00:33:15.221+09:00  INFO 25804 --- [main] .s.d.r.c.RepositoryConfigurationDelegate : Multiple Spring Data modules found, entering strict repository configuration mode
 2023-09-20T00:33:15.224+09:00  INFO 25804 --- [main] .s.d.r.c.RepositoryConfigurationDelegate : Bootstrapping Spring Data JPA repositories in DEFAULT mode.
 2023-09-20T00:33:15.401+09:00  INFO 25804 --- [main] .s.d.r.c.RepositoryConfigurationDelegate : Finished Spring Data repository scanning in 164 ms. Found 6 JPA repository interfaces.
 2023-09-20T00:33:15.412+09:00  INFO 25804 --- [main] .s.d.r.c.RepositoryConfigurationDelegate : Multiple Spring Data modules found, entering strict repository configuration mode
 2023-09-20T00:33:15.413+09:00  INFO 25804 --- [main] .s.d.r.c.RepositoryConfigurationDelegate : Bootstrapping Spring Data Redis repositories in DEFAULT mode.
 2023-09-20T00:33:15.428+09:00  INFO 25804 --- [main] .RepositoryConfigurationExtensionSupport : Spring Data Redis - Could not safely identify store assignment for repository candidate interface soccer.backend.repository.DotRecordRepository; If you want this repository to be a Redis repository, consider annotating your entities with one of these annotations: org.springframework.data.redis.core.RedisHash (preferred), or consider extending one of the following types with your repository: org.springframework.data.keyvalue.repository.KeyValueRepository
 2023-09-20T00:33:15.429+09:00  INFO 25804 --- [main] .RepositoryConfigurationExtensionSupport : Spring Data Redis - Could not safely identify store assignment for repository candidate interface soccer.backend.repository.GamePlayerRepository; If you want this repository to be a Redis repository, consider annotating your entities with one of these annotations: org.springframework.data.redis.core.RedisHash (preferred), or consider extending one of the following types with your repository: org.springframework.data.keyvalue.repository.KeyValueRepository
 2023-09-20T00:33:15.430+09:00  INFO 25804 --- [main] .RepositoryConfigurationExtensionSupport : Spring Data Redis - Could not safely identify store assignment for repository candidate interface soccer.backend.repository.GameRepository; If you want this repository to be a Redis repository, consider annotating your entities with one of these annotations: org.springframework.data.redis.core.RedisHash (preferred), or consider extending one of the following types with your repository: org.springframework.data.keyvalue.repository.KeyValueRepository
 2023-09-20T00:33:15.431+09:00  INFO 25804 --- [main] .RepositoryConfigurationExtensionSupport : Spring Data Redis - Could not safely identify store assignment for repository candidate interface soccer.backend.repository.MemberRepository; If you want this repository to be a Redis repository, consider annotating your entities with one of these annotations: org.springframework.data.redis.core.RedisHash (preferred), or consider extending one of the following types with your repository: org.springframework.data.keyvalue.repository.KeyValueRepository
 2023-09-20T00:33:15.431+09:00  INFO 25804 --- [main] .RepositoryConfigurationExtensionSupport : Spring Data Redis - Could not safely identify store assignment for repository candidate interface soccer.backend.repository.PlayerRepository; If you want this repository to be a Redis repository, consider annotating your entities with one of these annotations: org.springframework.data.redis.core.RedisHash (preferred), or consider extending one of the following types with your repository: org.springframework.data.keyvalue.repository.KeyValueRepository
 2023-09-20T00:33:15.431+09:00  INFO 25804 --- [main] .RepositoryConfigurationExtensionSupport : Spring Data Redis - Could not safely identify store assignment for repository candidate interface soccer.backend.repository.RecordRepository; If you want this repository to be a Redis repository, consider annotating your entities with one of these annotations: org.springframework.data.redis.core.RedisHash (preferred), or consider extending one of the following types with your repository: org.springframework.data.keyvalue.repository.KeyValueRepository
 2023-09-20T00:33:15.431+09:00  INFO 25804 --- [main] .s.d.r.c.RepositoryConfigurationDelegate : Finished Spring Data repository scanning in 11 ms. Found 0 Redis repository interfaces.
 2023-09-20T00:33:16.206+09:00  INFO 25804 --- [main] o.s.b.w.embedded.tomcat.TomcatWebServer  : Tomcat initialized with port(s): 8080 (http)
 2023-09-20T00:33:16.218+09:00  INFO 25804 --- [main] o.apache.catalina.core.StandardService   : Starting service [Tomcat]
 2023-09-20T00:33:16.219+09:00  INFO 25804 --- [main] o.apache.catalina.core.StandardEngine    : Starting Servlet engine: [Apache Tomcat/10.1.7]
 2023-09-20T00:33:16.341+09:00  INFO 25804 --- [main] o.a.c.c.C.[Tomcat].[localhost].[/]       : Initializing Spring embedded WebApplicationContext
 2023-09-20T00:33:16.342+09:00  INFO 25804 --- [main] w.s.c.ServletWebServerApplicationContext : Root WebApplicationContext: initialization completed in 2207 ms
 2023-09-20T00:33:16.618+09:00  INFO 25804 --- [main] o.hibernate.jpa.internal.util.LogHelper  : HHH000204: Processing PersistenceUnitInfo [name: default]
 2023-09-20T00:33:16.703+09:00  INFO 25804 --- [main] org.hibernate.Version                    : HHH000412: Hibernate ORM core version 6.1.7.Final
 2023-09-20T00:33:17.055+09:00  INFO 25804 --- [main] com.zaxxer.hikari.HikariDataSource       : HikariPool-1 - Starting...
 2023-09-20T00:33:17.265+09:00  INFO 25804 --- [main] com.zaxxer.hikari.pool.HikariPool        : HikariPool-1 - Added connection conn0: url=jdbc:h2:mem:test user=SA
 2023-09-20T00:33:17.267+09:00  INFO 25804 --- [main] com.zaxxer.hikari.HikariDataSource       : HikariPool-1 - Start completed.
 2023-09-20T00:33:17.304+09:00  INFO 25804 --- [main] SQL dialect                              : HHH000400: Using dialect: org.hibernate.dialect.H2Dialect
 2023-09-20T00:33:18.330+09:00  INFO 25804 --- [main] o.h.e.t.j.p.i.JtaPlatformInitiator       : HHH000490: Using JtaPlatform implementation: [org.hibernate.engine.transaction.jta.platform.internal.NoJtaPlatform]
 2023-09-20T00:33:18.344+09:00  INFO 25804 --- [main] j.LocalContainerEntityManagerFactoryBean : Initialized JPA EntityManagerFactory for persistence unit 'default'
 2023-09-20T00:33:19.321+09:00  WARN 25804 --- [main] JpaBaseConfiguration$JpaWebConfiguration : spring.jpa.open-in-view is enabled by default. Therefore, database queries may be performed during view rendering. Explicitly configure spring.jpa.open-in-view to disable this warning
 2023-09-20T00:33:19.467+09:00  INFO 25804 --- [main] o.s.b.a.w.s.WelcomePageHandlerMapping    : Adding welcome page: class path resource [static/index.html]
 2023-09-20T00:33:19.745+09:00  INFO 25804 --- [main] o.s.b.a.e.web.EndpointLinksResolver      : Exposing 1 endpoint(s) beneath base path '/dev/actuator'
 2023-09-20T00:33:19.807+09:00  INFO 25804 --- [main] o.s.s.web.DefaultSecurityFilterChain     : Will secure any request with [org.springframework.security.web.session.DisableEncodeUrlFilter@4c683777, org.springframework.security.web.context.request.async.WebAsyncManagerIntegrationFilter@1fa35f7e, org.springframework.security.web.context.SecurityContextHolderFilter@5baabba, org.springframework.security.web.header.HeaderWriterFilter@1a8042a5, org.springframework.web.filter.CorsFilter@7df0bb1, org.springframework.security.web.authentication.logout.LogoutFilter@72412c3d, soccer.backend.auth.jwt.JwtFilter@37ec9c49, org.springframework.security.web.savedrequest.RequestCacheAwareFilter@57283e4, org.springframework.security.web.servletapi.SecurityContextHolderAwareRequestFilter@4149067d, org.springframework.security.web.authentication.AnonymousAuthenticationFilter@3ab2d64c, org.springframework.security.web.session.SessionManagementFilter@7b4b6dca, org.springframework.security.web.access.ExceptionTranslationFilter@6afd0ef8, org.springframework.security.web.access.intercept.AuthorizationFilter@4f93816d]
 2023-09-20T00:33:20.285+09:00  INFO 25804 --- [main] o.s.b.w.embedded.tomcat.TomcatWebServer  : Tomcat started on port(s): 8080 (http) with context path ''
 2023-09-20T00:33:20.298+09:00  INFO 25804 --- [main] soccer.backend.BackendApplication        : Started BackendApplication in 6.846 seconds (process running for 7.643)
 2023-09-20T00:33:20.922+09:00  INFO 25804 --- [RMI TCP Connection(5)-192.168.45.154] o.a.c.c.C.[Tomcat].[localhost].[/]       : Initializing Spring DispatcherServlet 'dispatcherServlet'
 2023-09-20T00:33:20.923+09:00  INFO 25804 --- [RMI TCP Connection(5)-192.168.45.154] o.s.web.servlet.DispatcherServlet        : Initializing Servlet 'dispatcherServlet'
 2023-09-20T00:33:20.926+09:00  INFO 25804 --- [RMI TCP Connection(5)-192.168.45.154] o.s.web.servlet.DispatcherServlet        : Completed initialization in 2 ms
 2023-09-20T00:33:21.483+09:00  WARN 25804 --- [RMI TCP Connection(4)-192.168.45.154] o.s.b.a.data.redis.RedisHealthIndicator  : Redis health check failed

org.springframework.data.redis.RedisConnectionFailureException: Unable to connect to Redis
	at org.springframework.data.redis.connection.lettuce.LettuceConnectionFactory$ExceptionTranslatingConnectionProvider.translateException(LettuceConnectionFactory.java:1602)
	at org.springframework.data.redis.connection.lettuce.LettuceConnectionFactory$ExceptionTranslatingConnectionProvider.getConnection(LettuceConnectionFactory.java:1533)
	at org.springframework.data.redis.connection.lettuce.LettuceConnectionFactory$SharedConnection.getNativeConnection(LettuceConnectionFactory.java:1358)
	at org.springframework.data.redis.connection.lettuce.LettuceConnectionFactory$SharedConnection.getConnection(LettuceConnectionFactory.java:1341)
	at org.springframework.data.redis.connection.lettuce.LettuceConnectionFactory.getSharedConnection(LettuceConnectionFactory.java:1059)
	at org.springframework.data.redis.connection.lettuce.LettuceConnectionFactory.getConnection(LettuceConnectionFactory.java:398)
	at org.springframework.data.redis.core.RedisConnectionUtils.fetchConnection(RedisConnectionUtils.java:193)
	at org.springframework.data.redis.core.RedisConnectionUtils.doGetConnection(RedisConnectionUtils.java:144)
	at org.springframework.data.redis.core.RedisConnectionUtils.getConnection(RedisConnectionUtils.java:105)
	at org.springframework.data.redis.core.RedisConnectionUtils.getConnection(RedisConnectionUtils.java:92)
	at org.springframework.boot.actuate.data.redis.RedisHealthIndicator.doHealthCheck(RedisHealthIndicator.java:49)
	at org.springframework.boot.actuate.health.AbstractHealthIndicator.health(AbstractHealthIndicator.java:82)
	at org.springframework.boot.actuate.health.HealthIndicator.getHealth(HealthIndicator.java:37)
	at org.springframework.boot.actuate.health.HealthEndpoint.getHealth(HealthEndpoint.java:82)
	at org.springframework.boot.actuate.health.HealthEndpoint.getHealth(HealthEndpoint.java:41)
	at org.springframework.boot.actuate.health.HealthEndpointSupport.getLoggedHealth(HealthEndpointSupport.java:172)
	at org.springframework.boot.actuate.health.HealthEndpointSupport.getContribution(HealthEndpointSupport.java:145)
	at org.springframework.boot.actuate.health.HealthEndpointSupport.getAggregateContribution(HealthEndpointSupport.java:156)
	at org.springframework.boot.actuate.health.HealthEndpointSupport.getContribution(HealthEndpointSupport.java:141)
	at org.springframework.boot.actuate.health.HealthEndpointSupport.getHealth(HealthEndpointSupport.java:110)
	at org.springframework.boot.actuate.health.HealthEndpointSupport.getHealth(HealthEndpointSupport.java:81)
	at org.springframework.boot.actuate.health.HealthEndpoint.health(HealthEndpoint.java:76)
	at org.springframework.boot.actuate.health.HealthEndpoint.health(HealthEndpoint.java:66)
	at java.base/jdk.internal.reflect.NativeMethodAccessorImpl.invoke0(Native Method)
	at java.base/jdk.internal.reflect.NativeMethodAccessorImpl.invoke(NativeMethodAccessorImpl.java:77)
	at java.base/jdk.internal.reflect.DelegatingMethodAccessorImpl.invoke(DelegatingMethodAccessorImpl.java:43)
	at java.base/java.lang.reflect.Method.invoke(Method.java:568)
	at org.springframework.util.ReflectionUtils.invokeMethod(ReflectionUtils.java:281)
	at org.springframework.boot.actuate.endpoint.invoke.reflect.ReflectiveOperationInvoker.invoke(ReflectiveOperationInvoker.java:74)
	at org.springframework.boot.actuate.endpoint.annotation.AbstractDiscoveredOperation.invoke(AbstractDiscoveredOperation.java:60)
	at org.springframework.boot.actuate.endpoint.jmx.EndpointMBean.invoke(EndpointMBean.java:124)
	at org.springframework.boot.actuate.endpoint.jmx.EndpointMBean.invoke(EndpointMBean.java:97)
	at java.management/com.sun.jmx.interceptor.DefaultMBeanServerInterceptor.invoke(DefaultMBeanServerInterceptor.java:814)
	at java.management/com.sun.jmx.mbeanserver.JmxMBeanServer.invoke(JmxMBeanServer.java:802)
	at java.management.rmi/javax.management.remote.rmi.RMIConnectionImpl.doOperation(RMIConnectionImpl.java:1472)
	at java.management.rmi/javax.management.remote.rmi.RMIConnectionImpl$PrivilegedOperation.run(RMIConnectionImpl.java:1310)
	at java.management.rmi/javax.management.remote.rmi.RMIConnectionImpl.doPrivilegedOperation(RMIConnectionImpl.java:1405)
	at java.management.rmi/javax.management.remote.rmi.RMIConnectionImpl.invoke(RMIConnectionImpl.java:829)
	at java.base/jdk.internal.reflect.GeneratedMethodAccessor37.invoke(Unknown Source)
	at java.base/jdk.internal.reflect.DelegatingMethodAccessorImpl.invoke(DelegatingMethodAccessorImpl.java:43)
	at java.base/java.lang.reflect.Method.invoke(Method.java:568)
	at java.rmi/sun.rmi.server.UnicastServerRef.dispatch(UnicastServerRef.java:360)
	at java.rmi/sun.rmi.transport.Transport$1.run(Transport.java:200)
	at java.rmi/sun.rmi.transport.Transport$1.run(Transport.java:197)
	at java.base/java.security.AccessController.doPrivileged(AccessController.java:712)
	at java.rmi/sun.rmi.transport.Transport.serviceCall(Transport.java:196)
	at java.rmi/sun.rmi.transport.tcp.TCPTransport.handleMessages(TCPTransport.java:587)
	at java.rmi/sun.rmi.transport.tcp.TCPTransport$ConnectionHandler.run0(TCPTransport.java:828)
	at java.rmi/sun.rmi.transport.tcp.TCPTransport$ConnectionHandler.lambda$run$0(TCPTransport.java:705)
	at java.base/java.security.AccessController.doPrivileged(AccessController.java:399)
	at java.rmi/sun.rmi.transport.tcp.TCPTransport$ConnectionHandler.run(TCPTransport.java:704)
	at java.base/java.util.concurrent.ThreadPoolExecutor.runWorker(ThreadPoolExecutor.java:1136)
	at java.base/java.util.concurrent.ThreadPoolExecutor$Worker.run(ThreadPoolExecutor.java:635)
	at java.base/java.lang.Thread.run(Thread.java:833)
Caused by: io.lettuce.core.RedisConnectionException: Unable to connect to 127.0.0.1/<unresolved>:6379
	at io.lettuce.core.RedisConnectionException.create(RedisConnectionException.java:78)
	at io.lettuce.core.RedisConnectionException.create(RedisConnectionException.java:56)
	at io.lettuce.core.AbstractRedisClient.getConnection(AbstractRedisClient.java:350)
	at io.lettuce.core.RedisClient.connect(RedisClient.java:216)
	at org.springframework.data.redis.connection.lettuce.StandaloneConnectionProvider.lambda$getConnection$1(StandaloneConnectionProvider.java:111)
	at java.base/java.util.Optional.orElseGet(Optional.java:364)
	at org.springframework.data.redis.connection.lettuce.StandaloneConnectionProvider.getConnection(StandaloneConnectionProvider.java:111)
	at org.springframework.data.redis.connection.lettuce.LettuceConnectionFactory$ExceptionTranslatingConnectionProvider.getConnection(LettuceConnectionFactory.java:1531)
	... 52 common frames omitted
Caused by: io.netty.channel.AbstractChannel$AnnotatedConnectException: Connection refused: no further information: /127.0.0.1:6379
Caused by: java.net.ConnectException: Connection refused: no further information
	at java.base/sun.nio.ch.Net.pollConnect(Native Method)
	at java.base/sun.nio.ch.Net.pollConnectNow(Net.java:672)
	at java.base/sun.nio.ch.SocketChannelImpl.finishConnect(SocketChannelImpl.java:946)
	at io.netty.channel.socket.nio.NioSocketChannel.doFinishConnect(NioSocketChannel.java:337)
	at io.netty.channel.nio.AbstractNioChannel$AbstractNioUnsafe.finishConnect(AbstractNioChannel.java:334)
	at io.netty.channel.nio.NioEventLoop.processSelectedKey(NioEventLoop.java:776)
	at io.netty.channel.nio.NioEventLoop.processSelectedKeysOptimized(NioEventLoop.java:724)
	at io.netty.channel.nio.NioEventLoop.processSelectedKeys(NioEventLoop.java:650)
	at io.netty.channel.nio.NioEventLoop.run(NioEventLoop.java:562)
	at io.netty.util.concurrent.SingleThreadEventExecutor$4.run(SingleThreadEventExecutor.java:997)
	at io.netty.util.internal.ThreadExecutorMap$2.run(ThreadExecutorMap.java:74)
	at io.netty.util.concurrent.FastThreadLocalRunnable.run(FastThreadLocalRunnable.java:30)
	at java.base/java.lang.Thread.run(Thread.java:833)

 2023-09-20T00:33:42.524+09:00  INFO 12912 --- [main] soccer.backend.BackendApplication        : Starting BackendApplication using Java 17.0.6 with PID 12912 (C:\Users\kimhobeen\IdeaProjects\toy_project\soccerAnalysttest\socceranalyst\backend\build\classes\java\main started by kimhobeen in C:\Users\kimhobeen\IdeaProjects\toy_project\soccerAnalysttest\socceranalyst\backend)
 2023-09-20T00:33:42.528+09:00  INFO 12912 --- [main] soccer.backend.BackendApplication        : No active profile set, falling back to 1 default profile: "default"
 2023-09-20T00:33:43.698+09:00  INFO 12912 --- [main] .s.d.r.c.RepositoryConfigurationDelegate : Multiple Spring Data modules found, entering strict repository configuration mode
 2023-09-20T00:33:43.707+09:00  INFO 12912 --- [main] .s.d.r.c.RepositoryConfigurationDelegate : Bootstrapping Spring Data JPA repositories in DEFAULT mode.
 2023-09-20T00:33:43.889+09:00  INFO 12912 --- [main] .s.d.r.c.RepositoryConfigurationDelegate : Finished Spring Data repository scanning in 173 ms. Found 6 JPA repository interfaces.
 2023-09-20T00:33:43.904+09:00  INFO 12912 --- [main] .s.d.r.c.RepositoryConfigurationDelegate : Multiple Spring Data modules found, entering strict repository configuration mode
 2023-09-20T00:33:43.905+09:00  INFO 12912 --- [main] .s.d.r.c.RepositoryConfigurationDelegate : Bootstrapping Spring Data Redis repositories in DEFAULT mode.
 2023-09-20T00:33:43.921+09:00  INFO 12912 --- [main] .RepositoryConfigurationExtensionSupport : Spring Data Redis - Could not safely identify store assignment for repository candidate interface soccer.backend.repository.DotRecordRepository; If you want this repository to be a Redis repository, consider annotating your entities with one of these annotations: org.springframework.data.redis.core.RedisHash (preferred), or consider extending one of the following types with your repository: org.springframework.data.keyvalue.repository.KeyValueRepository
 2023-09-20T00:33:43.922+09:00  INFO 12912 --- [main] .RepositoryConfigurationExtensionSupport : Spring Data Redis - Could not safely identify store assignment for repository candidate interface soccer.backend.repository.GamePlayerRepository; If you want this repository to be a Redis repository, consider annotating your entities with one of these annotations: org.springframework.data.redis.core.RedisHash (preferred), or consider extending one of the following types with your repository: org.springframework.data.keyvalue.repository.KeyValueRepository
 2023-09-20T00:33:43.923+09:00  INFO 12912 --- [main] .RepositoryConfigurationExtensionSupport : Spring Data Redis - Could not safely identify store assignment for repository candidate interface soccer.backend.repository.GameRepository; If you want this repository to be a Redis repository, consider annotating your entities with one of these annotations: org.springframework.data.redis.core.RedisHash (preferred), or consider extending one of the following types with your repository: org.springframework.data.keyvalue.repository.KeyValueRepository
 2023-09-20T00:33:43.923+09:00  INFO 12912 --- [main] .RepositoryConfigurationExtensionSupport : Spring Data Redis - Could not safely identify store assignment for repository candidate interface soccer.backend.repository.MemberRepository; If you want this repository to be a Redis repository, consider annotating your entities with one of these annotations: org.springframework.data.redis.core.RedisHash (preferred), or consider extending one of the following types with your repository: org.springframework.data.keyvalue.repository.KeyValueRepository
 2023-09-20T00:33:43.924+09:00  INFO 12912 --- [main] .RepositoryConfigurationExtensionSupport : Spring Data Redis - Could not safely identify store assignment for repository candidate interface soccer.backend.repository.PlayerRepository; If you want this repository to be a Redis repository, consider annotating your entities with one of these annotations: org.springframework.data.redis.core.RedisHash (preferred), or consider extending one of the following types with your repository: org.springframework.data.keyvalue.repository.KeyValueRepository
 2023-09-20T00:33:43.924+09:00  INFO 12912 --- [main] .RepositoryConfigurationExtensionSupport : Spring Data Redis - Could not safely identify store assignment for repository candidate interface soccer.backend.repository.RecordRepository; If you want this repository to be a Redis repository, consider annotating your entities with one of these annotations: org.springframework.data.redis.core.RedisHash (preferred), or consider extending one of the following types with your repository: org.springframework.data.keyvalue.repository.KeyValueRepository
 2023-09-20T00:33:43.924+09:00  INFO 12912 --- [main] .s.d.r.c.RepositoryConfigurationDelegate : Finished Spring Data repository scanning in 12 ms. Found 0 Redis repository interfaces.
 2023-09-20T00:33:44.635+09:00  INFO 12912 --- [main] o.s.b.w.embedded.tomcat.TomcatWebServer  : Tomcat initialized with port(s): 8080 (http)
 2023-09-20T00:33:44.643+09:00  INFO 12912 --- [main] o.apache.catalina.core.StandardService   : Starting service [Tomcat]
 2023-09-20T00:33:44.643+09:00  INFO 12912 --- [main] o.apache.catalina.core.StandardEngine    : Starting Servlet engine: [Apache Tomcat/10.1.7]
 2023-09-20T00:33:44.759+09:00  INFO 12912 --- [main] o.a.c.c.C.[Tomcat].[localhost].[/]       : Initializing Spring embedded WebApplicationContext
 2023-09-20T00:33:44.759+09:00  INFO 12912 --- [main] w.s.c.ServletWebServerApplicationContext : Root WebApplicationContext: initialization completed in 2171 ms
 2023-09-20T00:33:45.033+09:00  INFO 12912 --- [main] o.hibernate.jpa.internal.util.LogHelper  : HHH000204: Processing PersistenceUnitInfo [name: default]
 2023-09-20T00:33:45.091+09:00  INFO 12912 --- [main] org.hibernate.Version                    : HHH000412: Hibernate ORM core version 6.1.7.Final
 2023-09-20T00:33:45.384+09:00  INFO 12912 --- [main] com.zaxxer.hikari.HikariDataSource       : HikariPool-1 - Starting...
 2023-09-20T00:33:45.571+09:00  INFO 12912 --- [main] com.zaxxer.hikari.pool.HikariPool        : HikariPool-1 - Added connection conn0: url=jdbc:h2:mem:test user=SA
 2023-09-20T00:33:45.573+09:00  INFO 12912 --- [main] com.zaxxer.hikari.HikariDataSource       : HikariPool-1 - Start completed.
 2023-09-20T00:33:45.601+09:00  INFO 12912 --- [main] SQL dialect                              : HHH000400: Using dialect: org.hibernate.dialect.H2Dialect
 2023-09-20T00:33:46.567+09:00  INFO 12912 --- [main] o.h.e.t.j.p.i.JtaPlatformInitiator       : HHH000490: Using JtaPlatform implementation: [org.hibernate.engine.transaction.jta.platform.internal.NoJtaPlatform]
 2023-09-20T00:33:46.579+09:00  INFO 12912 --- [main] j.LocalContainerEntityManagerFactoryBean : Initialized JPA EntityManagerFactory for persistence unit 'default'
 2023-09-20T00:33:47.406+09:00  WARN 12912 --- [main] JpaBaseConfiguration$JpaWebConfiguration : spring.jpa.open-in-view is enabled by default. Therefore, database queries may be performed during view rendering. Explicitly configure spring.jpa.open-in-view to disable this warning
 2023-09-20T00:33:47.538+09:00  INFO 12912 --- [main] o.s.b.a.w.s.WelcomePageHandlerMapping    : Adding welcome page: class path resource [static/index.html]
 2023-09-20T00:33:47.827+09:00  INFO 12912 --- [main] o.s.b.a.e.web.EndpointLinksResolver      : Exposing 1 endpoint(s) beneath base path '/dev/actuator'
 2023-09-20T00:33:47.881+09:00  INFO 12912 --- [main] o.s.s.web.DefaultSecurityFilterChain     : Will secure any request with [org.springframework.security.web.session.DisableEncodeUrlFilter@4ed761dc, org.springframework.security.web.context.request.async.WebAsyncManagerIntegrationFilter@578081e5, org.springframework.security.web.context.SecurityContextHolderFilter@7d911f95, org.springframework.security.web.header.HeaderWriterFilter@651e3cc9, org.springframework.web.filter.CorsFilter@6c1f1c03, org.springframework.security.web.authentication.logout.LogoutFilter@56a0dd11, soccer.backend.auth.jwt.JwtFilter@69e3e1d9, org.springframework.security.web.savedrequest.RequestCacheAwareFilter@3e5e7f4c, org.springframework.security.web.servletapi.SecurityContextHolderAwareRequestFilter@3622c9f0, org.springframework.security.web.authentication.AnonymousAuthenticationFilter@1ccfa4b8, org.springframework.security.web.session.SessionManagementFilter@444958a4, org.springframework.security.web.access.ExceptionTranslationFilter@5113ab26, org.springframework.security.web.access.intercept.AuthorizationFilter@19f007c4]
 2023-09-20T00:33:48.291+09:00  INFO 12912 --- [main] o.s.b.w.embedded.tomcat.TomcatWebServer  : Tomcat started on port(s): 8080 (http) with context path ''
 2023-09-20T00:33:48.302+09:00  INFO 12912 --- [main] soccer.backend.BackendApplication        : Started BackendApplication in 6.381 seconds (process running for 7.025)
 2023-09-20T00:33:48.565+09:00  INFO 12912 --- [RMI TCP Connection(1)-192.168.45.154] o.a.c.c.C.[Tomcat].[localhost].[/]       : Initializing Spring DispatcherServlet 'dispatcherServlet'
 2023-09-20T00:33:48.566+09:00  INFO 12912 --- [RMI TCP Connection(1)-192.168.45.154] o.s.web.servlet.DispatcherServlet        : Initializing Servlet 'dispatcherServlet'
 2023-09-20T00:33:48.567+09:00  INFO 12912 --- [RMI TCP Connection(1)-192.168.45.154] o.s.web.servlet.DispatcherServlet        : Completed initialization in 1 ms
